2023-02-06 09:24:19 error: uncaughtException: bad auth : authentication failed
MongoServerError: bad auth : authentication failed
    at Connection.onMessage (/home/abc/Desktop/sampleProject/Travel-Log Backend/node_modules/mongodb/lib/cmap/connection.js:227:30)
    at MessageStream.<anonymous> (/home/abc/Desktop/sampleProject/Travel-Log Backend/node_modules/mongodb/lib/cmap/connection.js:60:60)
    at MessageStream.emit (node:events:513:28)
    at processIncomingData (/home/abc/Desktop/sampleProject/Travel-Log Backend/node_modules/mongodb/lib/cmap/message_stream.js:125:16)
    at MessageStream._write (/home/abc/Desktop/sampleProject/Travel-Log Backend/node_modules/mongodb/lib/cmap/message_stream.js:33:9)
    at writeOrBuffer (node:internal/streams/writable:392:12)
    at _write (node:internal/streams/writable:333:10)
    at Writable.write (node:internal/streams/writable:337:10)
    at TLSSocket.ondata (node:internal/streams/readable:766:22)
    at TLSSocket.emit (node:events:513:28)
2023-02-06 09:24:34 error: uncaughtException: bad auth : authentication failed
MongoServerError: bad auth : authentication failed
    at Connection.onMessage (/home/abc/Desktop/sampleProject/Travel-Log Backend/node_modules/mongodb/lib/cmap/connection.js:227:30)
    at MessageStream.<anonymous> (/home/abc/Desktop/sampleProject/Travel-Log Backend/node_modules/mongodb/lib/cmap/connection.js:60:60)
    at MessageStream.emit (node:events:513:28)
    at processIncomingData (/home/abc/Desktop/sampleProject/Travel-Log Backend/node_modules/mongodb/lib/cmap/message_stream.js:125:16)
    at MessageStream._write (/home/abc/Desktop/sampleProject/Travel-Log Backend/node_modules/mongodb/lib/cmap/message_stream.js:33:9)
    at writeOrBuffer (node:internal/streams/writable:392:12)
    at _write (node:internal/streams/writable:333:10)
    at Writable.write (node:internal/streams/writable:337:10)
    at TLSSocket.ondata (node:internal/streams/readable:766:22)
    at TLSSocket.emit (node:events:513:28)
2023-02-06 09:25:23 error: uncaughtException: listen EADDRINUSE: address already in use :::3000
Error: listen EADDRINUSE: address already in use :::3000
    at Server.setupListenHandle [as _listen2] (node:net:1468:16)
    at listenInCluster (node:net:1516:12)
    at Server.listen (node:net:1604:7)
    at Function.listen (/home/abc/Desktop/sampleProject/Travel-Log Backend/node_modules/express/lib/application.js:635:24)
    at App.listen (/home/abc/Desktop/sampleProject/Travel-Log Backend/dist/app.js:70:18)
    at Object.<anonymous> (/home/abc/Desktop/sampleProject/Travel-Log Backend/dist/server.js:25:5)
    at Module._compile (node:internal/modules/cjs/loader:1218:14)
    at Module._extensions..js (node:internal/modules/cjs/loader:1272:10)
    at Module.load (node:internal/modules/cjs/loader:1081:32)
    at Module._load (node:internal/modules/cjs/loader:922:12)
2023-02-06 09:25:24 error: uncaughtException: bad auth : authentication failed
MongoServerError: bad auth : authentication failed
    at Connection.onMessage (/home/abc/Desktop/sampleProject/Travel-Log Backend/node_modules/mongodb/lib/cmap/connection.js:227:30)
    at MessageStream.<anonymous> (/home/abc/Desktop/sampleProject/Travel-Log Backend/node_modules/mongodb/lib/cmap/connection.js:60:60)
    at MessageStream.emit (node:events:513:28)
    at processIncomingData (/home/abc/Desktop/sampleProject/Travel-Log Backend/node_modules/mongodb/lib/cmap/message_stream.js:125:16)
    at MessageStream._write (/home/abc/Desktop/sampleProject/Travel-Log Backend/node_modules/mongodb/lib/cmap/message_stream.js:33:9)
    at writeOrBuffer (node:internal/streams/writable:392:12)
    at _write (node:internal/streams/writable:333:10)
    at Writable.write (node:internal/streams/writable:337:10)
    at TLSSocket.ondata (node:internal/streams/readable:766:22)
    at TLSSocket.emit (node:events:513:28)
