2023-02-07 09:28:21 info: =================================
2023-02-07 09:28:21 info: ======= ENV: development =======
2023-02-07 09:28:21 info: 🚀 App listening on the port 3000
2023-02-07 09:28:21 info: =================================
2023-02-07 09:30:39 info: [0mGET /users/63da492af93431821a372326 [36m304[0m 147.240 ms - -[0m
2023-02-07 09:30:41 info: [0mGET /blogs?page=0&limit=6&createdAt=-1 [36m304[0m 1506.252 ms - -[0m
2023-02-07 09:30:42 info: [0mGET /users/63dd1a4b032d41c67ca94658 [36m304[0m 113.259 ms - -[0m
2023-02-07 09:30:42 info: [0mGET /question/blog/63e0f92297a047ee32a70cc5 [36m304[0m 97.379 ms - -[0m
2023-02-07 09:30:42 info: [0mGET /question/blog/63e0cb5588e8ff771e8bddb8 [36m304[0m 97.257 ms - -[0m
2023-02-07 09:30:42 info: [0mGET /question/blog/63e0a94c97adada1dee892b4 [36m304[0m 111.570 ms - -[0m
2023-02-07 09:30:42 info: [0mGET /users/63da492af93431821a372326 [36m304[0m 62.843 ms - -[0m
2023-02-07 09:30:42 info: [0mGET /question/blog/63dcc526e263bf7e75516999 [36m304[0m 65.800 ms - -[0m
2023-02-07 09:30:42 info: [0mGET /users/63dd1a4b032d41c67ca94658 [36m304[0m 64.254 ms - -[0m
2023-02-07 09:30:42 info: [0mGET /users/63dd1a4b032d41c67ca94658 [36m304[0m 60.879 ms - -[0m
2023-02-07 09:30:42 info: [0mGET /users/63dd1a4b032d41c67ca94658 [36m304[0m 72.289 ms - -[0m
2023-02-07 09:30:42 info: [0mGET /users/63dd1a4b032d41c67ca94658 [36m304[0m 54.508 ms - -[0m
2023-02-07 09:30:42 info: [0mGET /question/blog/63e0c8b288e8ff771e8bdd8f [36m304[0m 531.710 ms - -[0m
2023-02-07 09:30:42 info: [0mGET /question/blog/63e0ca4e88e8ff771e8bdda4 [36m304[0m 549.619 ms - -[0m
2023-02-07 09:36:35 info: [0mOPTIONS /question/create [32m204[0m 0.890 ms - 0[0m
2023-02-07 09:36:35 info: [0mPOST /question/create [32m201[0m 529.982 ms - 306[0m
2023-02-07 09:36:36 info: [0mGET /question/user/63da492af93431821a372326 [32m200[0m 89.852 ms - -[0m
2023-02-07 09:36:46 info: [0mGET /users/63da492af93431821a372326 [36m304[0m 42.135 ms - -[0m
2023-02-07 09:36:47 info: [0mGET /blogs?page=0&limit=6&createdAt=-1 [36m304[0m 1156.193 ms - -[0m
2023-02-07 09:36:47 info: [0mGET /question/blog/63e0f92297a047ee32a70cc5 [36m304[0m 56.128 ms - -[0m
2023-02-07 09:36:47 info: [0mGET /users/63dd1a4b032d41c67ca94658 [36m304[0m 73.196 ms - -[0m
2023-02-07 09:36:47 info: [0mGET /question/blog/63e0c8b288e8ff771e8bdd8f [36m304[0m 79.737 ms - -[0m
2023-02-07 09:36:47 info: [0mGET /question/blog/63e0a94c97adada1dee892b4 [36m304[0m 80.541 ms - -[0m
2023-02-07 09:36:48 info: [0mGET /users/63da492af93431821a372326 [36m304[0m 78.827 ms - -[0m
2023-02-07 09:36:48 info: [0mGET /question/blog/63dcc526e263bf7e75516999 [36m304[0m 79.461 ms - -[0m
2023-02-07 09:36:48 info: [0mGET /users/63dd1a4b032d41c67ca94658 [36m304[0m 77.302 ms - -[0m
2023-02-07 09:36:48 info: [0mGET /users/63dd1a4b032d41c67ca94658 [36m304[0m 32.203 ms - -[0m
2023-02-07 09:36:48 info: [0mGET /users/63dd1a4b032d41c67ca94658 [36m304[0m 52.988 ms - -[0m
2023-02-07 09:36:48 info: [0mGET /question/blog/63e0ca4e88e8ff771e8bdda4 [36m304[0m 354.586 ms - -[0m
2023-02-07 09:36:48 info: [0mGET /users/63dd1a4b032d41c67ca94658 [36m304[0m 69.033 ms - -[0m
2023-02-07 09:36:48 info: [0mGET /question/blog/63e0cb5588e8ff771e8bddb8 [32m200[0m 380.999 ms - 305[0m
2023-02-07 09:37:49 info: [0mGET /blogs?page=0&limit=6&createdAt=-1 [36m304[0m 1365.455 ms - -[0m
2023-02-07 09:37:49 info: [0mGET /question/blog/63e0f92297a047ee32a70cc5 [36m304[0m 53.409 ms - -[0m
2023-02-07 09:37:49 info: [0mGET /users/63dd1a4b032d41c67ca94658 [36m304[0m 73.409 ms - -[0m
2023-02-07 09:37:49 info: [0mGET /question/blog/63e0cb5588e8ff771e8bddb8 [36m304[0m 54.809 ms - -[0m
2023-02-07 09:37:49 info: [0mGET /question/blog/63e0ca4e88e8ff771e8bdda4 [36m304[0m 58.350 ms - -[0m
2023-02-07 09:37:49 info: [0mGET /users/63da492af93431821a372326 [36m304[0m 45.263 ms - -[0m
2023-02-07 09:37:49 info: [0mGET /question/blog/63dcc526e263bf7e75516999 [36m304[0m 50.685 ms - -[0m
2023-02-07 09:37:49 info: [0mGET /users/63dd1a4b032d41c67ca94658 [36m304[0m 35.967 ms - -[0m
2023-02-07 09:37:49 info: [0mGET /users/63dd1a4b032d41c67ca94658 [36m304[0m 66.150 ms - -[0m
2023-02-07 09:37:49 info: [0mGET /users/63dd1a4b032d41c67ca94658 [36m304[0m 45.397 ms - -[0m
2023-02-07 09:37:49 info: [0mGET /users/63dd1a4b032d41c67ca94658 [36m304[0m 56.224 ms - -[0m
2023-02-07 09:37:49 info: [0mGET /question/blog/63e0a94c97adada1dee892b4 [36m304[0m 442.994 ms - -[0m
2023-02-07 09:37:49 info: [0mGET /question/blog/63e0c8b288e8ff771e8bdd8f [36m304[0m 456.524 ms - -[0m
2023-02-07 09:37:53 info: [0mGET /blogs/63e0f92297a047ee32a70cc5 [36m304[0m 225.603 ms - -[0m
2023-02-07 09:37:53 info: [0mGET /users/63dd1a4b032d41c67ca94658 [36m304[0m 47.539 ms - -[0m
2023-02-07 09:37:58 info: [0mGET /blogs?page=0&limit=6&createdAt=-1 [36m304[0m 1813.122 ms - -[0m
2023-02-07 09:37:58 info: [0mGET /users/63dd1a4b032d41c67ca94658 [36m304[0m 53.375 ms - -[0m
2023-02-07 09:37:58 info: [0mGET /question/blog/63e0f92297a047ee32a70cc5 [36m304[0m 54.196 ms - -[0m
2023-02-07 09:37:58 info: [0mGET /question/blog/63e0cb5588e8ff771e8bddb8 [36m304[0m 47.473 ms - -[0m
2023-02-07 09:37:58 info: [0mGET /question/blog/63e0c8b288e8ff771e8bdd8f [36m304[0m 51.206 ms - -[0m
2023-02-07 09:37:58 info: [0mGET /question/blog/63e0ca4e88e8ff771e8bdda4 [36m304[0m 60.640 ms - -[0m
2023-02-07 09:37:58 info: [0mGET /question/blog/63e0a94c97adada1dee892b4 [36m304[0m 59.313 ms - -[0m
2023-02-07 09:37:58 info: [0mGET /users/63da492af93431821a372326 [36m304[0m 49.901 ms - -[0m
2023-02-07 09:37:58 info: [0mGET /question/blog/63dcc526e263bf7e75516999 [36m304[0m 54.685 ms - -[0m
2023-02-07 09:37:58 info: [0mGET /users/63dd1a4b032d41c67ca94658 [36m304[0m 58.274 ms - -[0m
2023-02-07 09:37:58 info: [0mGET /users/63dd1a4b032d41c67ca94658 [36m304[0m 51.643 ms - -[0m
2023-02-07 09:37:58 info: [0mGET /users/63dd1a4b032d41c67ca94658 [36m304[0m 60.105 ms - -[0m
2023-02-07 09:37:58 info: [0mGET /users/63dd1a4b032d41c67ca94658 [36m304[0m 42.570 ms - -[0m
2023-02-07 09:38:10 info: [0mGET /blogs/63e0cb5588e8ff771e8bddb8 [36m304[0m 159.113 ms - -[0m
2023-02-07 09:38:11 info: [0mGET /users/63dd1a4b032d41c67ca94658 [36m304[0m 55.029 ms - -[0m
2023-02-07 09:38:14 info: [0mGET /blogs?page=0&limit=6&createdAt=-1 [36m304[0m 965.294 ms - -[0m
2023-02-07 09:38:14 info: [0mGET /users/63dd1a4b032d41c67ca94658 [36m304[0m 48.097 ms - -[0m
2023-02-07 09:38:14 info: [0mGET /question/blog/63e0f92297a047ee32a70cc5 [36m304[0m 48.279 ms - -[0m
2023-02-07 09:38:14 info: [0mGET /question/blog/63e0ca4e88e8ff771e8bdda4 [36m304[0m 42.379 ms - -[0m
2023-02-07 09:38:14 info: [0mGET /question/blog/63e0cb5588e8ff771e8bddb8 [36m304[0m 58.704 ms - -[0m
2023-02-07 09:38:14 info: [0mGET /question/blog/63e0c8b288e8ff771e8bdd8f [36m304[0m 45.656 ms - -[0m
2023-02-07 09:38:14 info: [0mGET /question/blog/63e0a94c97adada1dee892b4 [36m304[0m 62.057 ms - -[0m
2023-02-07 09:38:14 info: [0mGET /users/63da492af93431821a372326 [36m304[0m 51.309 ms - -[0m
2023-02-07 09:38:14 info: [0mGET /users/63dd1a4b032d41c67ca94658 [36m304[0m 45.001 ms - -[0m
2023-02-07 09:38:14 info: [0mGET /question/blog/63dcc526e263bf7e75516999 [36m304[0m 83.678 ms - -[0m
2023-02-07 09:38:14 info: [0mGET /users/63dd1a4b032d41c67ca94658 [36m304[0m 54.262 ms - -[0m
2023-02-07 09:38:14 info: [0mGET /users/63dd1a4b032d41c67ca94658 [36m304[0m 57.535 ms - -[0m
2023-02-07 09:38:14 info: [0mGET /users/63dd1a4b032d41c67ca94658 [36m304[0m 61.040 ms - -[0m
2023-02-07 09:41:02 info: [0mGET /question/blog/63e0cb5588e8ff771e8bddb8 [36m304[0m 42.617 ms - -[0m
2023-02-07 09:41:02 info: [0mGET /users/63dd1a4b032d41c67ca94658 [36m304[0m 73.530 ms - -[0m
2023-02-07 09:41:02 info: [0mGET /question/blog/63e0f92297a047ee32a70cc5 [36m304[0m 78.499 ms - -[0m
2023-02-07 09:41:02 info: [0mGET /question/blog/63e0c8b288e8ff771e8bdd8f [36m304[0m 67.066 ms - -[0m
2023-02-07 09:41:02 info: [0mGET /question/blog/63e0ca4e88e8ff771e8bdda4 [36m304[0m 80.473 ms - -[0m
2023-02-07 09:41:02 info: [0mGET /question/blog/63e0a94c97adada1dee892b4 [36m304[0m 95.045 ms - -[0m
2023-02-07 09:41:02 info: [0mGET /users/63da492af93431821a372326 [36m304[0m 56.565 ms - -[0m
2023-02-07 09:41:02 info: [0mGET /question/blog/63dcc526e263bf7e75516999 [36m304[0m 86.335 ms - -[0m
2023-02-07 09:41:02 info: [0mGET /users/63dd1a4b032d41c67ca94658 [36m304[0m 81.070 ms - -[0m
2023-02-07 09:41:02 info: [0mGET /users/63dd1a4b032d41c67ca94658 [36m304[0m 79.794 ms - -[0m
2023-02-07 09:41:02 info: [0mGET /users/63dd1a4b032d41c67ca94658 [36m304[0m 137.020 ms - -[0m
2023-02-07 09:41:02 info: [0mGET /question/blog/63e0f92297a047ee32a70cc5 [36m304[0m 118.770 ms - -[0m
2023-02-07 09:41:02 info: [0mGET /question/blog/63e0cb5588e8ff771e8bddb8 [36m304[0m 142.632 ms - -[0m
2023-02-07 09:41:02 info: [0mGET /question/blog/63e0ca4e88e8ff771e8bdda4 [36m304[0m 173.183 ms - -[0m
2023-02-07 09:41:02 info: [0mGET /question/blog/63e0c8b288e8ff771e8bdd8f [36m304[0m 169.347 ms - -[0m
2023-02-07 09:41:02 info: [0mGET /users/63dd1a4b032d41c67ca94658 [36m304[0m 144.785 ms - -[0m
2023-02-07 09:41:02 info: [0mGET /question/blog/63e0a94c97adada1dee892b4 [36m304[0m 162.136 ms - -[0m
2023-02-07 09:41:02 info: [0mGET /users/63da492af93431821a372326 [36m304[0m 159.337 ms - -[0m
2023-02-07 09:41:03 info: [0mGET /question/blog/63dcc526e263bf7e75516999 [36m304[0m 156.320 ms - -[0m
2023-02-07 09:41:03 info: [0mGET /users/63dd1a4b032d41c67ca94658 [36m304[0m 162.733 ms - -[0m
2023-02-07 09:41:03 info: [0mGET /users/63dd1a4b032d41c67ca94658 [36m304[0m 53.616 ms - -[0m
2023-02-07 09:41:03 info: [0mGET /users/63dd1a4b032d41c67ca94658 [36m304[0m 111.772 ms - -[0m
2023-02-07 09:41:03 info: [0mGET /users/63dd1a4b032d41c67ca94658 [36m304[0m 125.188 ms - -[0m
2023-02-07 09:41:03 info: [0mGET /users/63dd1a4b032d41c67ca94658 [36m304[0m 72.805 ms - -[0m
2023-02-07 09:41:03 info: [0mGET /blogs?page=0&limit=6&createdAt=-1 [36m304[0m 1434.381 ms - -[0m
2023-02-07 09:41:04 info: [0mGET /blogs?page=0&limit=6&createdAt=-1 [36m304[0m 1052.697 ms - -[0m
2023-02-07 09:41:14 info: [0mOPTIONS /question/create [32m204[0m 0.337 ms - 0[0m
2023-02-07 09:41:15 info: [0mPOST /question/create [32m201[0m 1243.877 ms - 297[0m
2023-02-07 09:41:15 info: [0mGET /question/user/63da492af93431821a372326 [32m200[0m 56.941 ms - -[0m
2023-02-07 09:41:16 info: [0mGET /question/blog/63e0cb5588e8ff771e8bddb8 [32m200[0m 357.435 ms - 565[0m
2023-02-07 09:41:41 info: [0mGET /question/blog/63e0f92297a047ee32a70cc5 [36m304[0m 398.714 ms - -[0m
2023-02-07 09:41:41 info: [0mGET /users/63dd1a4b032d41c67ca94658 [36m304[0m 409.822 ms - -[0m
2023-02-07 09:41:41 info: [0mGET /question/blog/63e0a94c97adada1dee892b4 [36m304[0m 437.923 ms - -[0m
2023-02-07 09:41:41 info: [0mGET /question/blog/63e0c8b288e8ff771e8bdd8f [36m304[0m 449.651 ms - -[0m
2023-02-07 09:41:41 info: [0mGET /users/63da492af93431821a372326 [36m304[0m 120.378 ms - -[0m
2023-02-07 09:41:41 info: [0mGET /question/blog/63dcc526e263bf7e75516999 [36m304[0m 122.671 ms - -[0m
2023-02-07 09:41:41 info: [0mGET /users/63dd1a4b032d41c67ca94658 [36m304[0m 69.757 ms - -[0m
2023-02-07 09:41:41 info: [0mGET /users/63dd1a4b032d41c67ca94658 [36m304[0m 66.719 ms - -[0m
2023-02-07 09:41:41 info: [0mGET /users/63dd1a4b032d41c67ca94658 [36m304[0m 79.872 ms - -[0m
2023-02-07 09:41:41 info: [0mGET /question/blog/63e0ca4e88e8ff771e8bdda4 [36m304[0m 767.120 ms - -[0m
2023-02-07 09:41:41 info: [0mGET /question/blog/63e0cb5588e8ff771e8bddb8 [36m304[0m 785.958 ms - -[0m
2023-02-07 09:41:41 info: [0mGET /users/63dd1a4b032d41c67ca94658 [36m304[0m 89.713 ms - -[0m
2023-02-07 09:41:42 info: [0mGET /blogs?page=0&limit=6&createdAt=-1 [36m304[0m 889.711 ms - -[0m
2023-02-07 09:42:49 info: [0mGET /question/blog/63e0f92297a047ee32a70cc5 [36m304[0m 53.530 ms - -[0m
2023-02-07 09:42:49 info: [0mGET /users/63dd1a4b032d41c67ca94658 [36m304[0m 66.058 ms - -[0m
2023-02-07 09:42:49 info: [0mGET /question/blog/63e0cb5588e8ff771e8bddb8 [36m304[0m 54.341 ms - -[0m
2023-02-07 09:42:49 info: [0mGET /question/blog/63e0ca4e88e8ff771e8bdda4 [36m304[0m 45.443 ms - -[0m
2023-02-07 09:42:49 info: [0mGET /users/63dd1a4b032d41c67ca94658 [36m304[0m 51.804 ms - -[0m
2023-02-07 09:42:49 info: [0mGET /question/blog/63e0c8b288e8ff771e8bdd8f [36m304[0m 46.675 ms - -[0m
2023-02-07 09:42:49 info: [0mGET /question/blog/63e0a94c97adada1dee892b4 [36m304[0m 54.425 ms - -[0m
2023-02-07 09:42:49 info: [0mGET /users/63da492af93431821a372326 [36m304[0m 48.244 ms - -[0m
2023-02-07 09:42:49 info: [0mGET /users/63dd1a4b032d41c67ca94658 [36m304[0m 51.737 ms - -[0m
2023-02-07 09:42:49 info: [0mGET /users/63dd1a4b032d41c67ca94658 [36m304[0m 53.644 ms - -[0m
2023-02-07 09:42:50 info: [0mGET /users/63dd1a4b032d41c67ca94658 [36m304[0m 55.513 ms - -[0m
2023-02-07 09:42:50 info: [0mGET /question/blog/63dcc526e263bf7e75516999 [36m304[0m 429.240 ms - -[0m
2023-02-07 09:43:48 info: [0mOPTIONS /question/create [32m204[0m 0.222 ms - 0[0m
2023-02-07 09:43:48 info: [0mPOST /question/create [32m201[0m 67.288 ms - 301[0m
2023-02-07 09:43:49 info: [0mGET /blogs?page=0&limit=6&createdAt=-1 [36m304[0m 1118.597 ms - -[0m
2023-02-07 09:43:50 info: [0mGET /question/user/63da492af93431821a372326 [32m200[0m 64.830 ms - -[0m
2023-02-07 09:44:07 info: [0mGET /users/63da492af93431821a372326 [36m304[0m 94.174 ms - -[0m
2023-02-07 09:44:08 info: [0mGET /blogs?page=0&limit=6&createdAt=-1 [36m304[0m 1279.877 ms - -[0m
2023-02-07 09:44:09 info: [0mGET /question/blog/63e0f92297a047ee32a70cc5 [36m304[0m 49.206 ms - -[0m
2023-02-07 09:44:09 info: [0mGET /users/63dd1a4b032d41c67ca94658 [36m304[0m 55.020 ms - -[0m
2023-02-07 09:44:09 info: [0mGET /question/blog/63e0ca4e88e8ff771e8bdda4 [32m200[0m 55.058 ms - 300[0m
2023-02-07 09:44:09 info: [0mGET /question/blog/63e0cb5588e8ff771e8bddb8 [36m304[0m 73.177 ms - -[0m
2023-02-07 09:44:09 info: [0mGET /question/blog/63e0c8b288e8ff771e8bdd8f [36m304[0m 74.250 ms - -[0m
2023-02-07 09:44:09 info: [0mGET /question/blog/63e0a94c97adada1dee892b4 [36m304[0m 62.788 ms - -[0m
2023-02-07 09:44:09 info: [0mGET /users/63da492af93431821a372326 [36m304[0m 47.285 ms - -[0m
2023-02-07 09:44:09 info: [0mGET /question/blog/63dcc526e263bf7e75516999 [36m304[0m 48.597 ms - -[0m
2023-02-07 09:44:09 info: [0mGET /users/63dd1a4b032d41c67ca94658 [36m304[0m 64.967 ms - -[0m
2023-02-07 09:44:09 info: [0mGET /users/63dd1a4b032d41c67ca94658 [36m304[0m 51.781 ms - -[0m
2023-02-07 09:44:09 info: [0mGET /users/63dd1a4b032d41c67ca94658 [36m304[0m 46.851 ms - -[0m
2023-02-07 09:44:09 info: [0mGET /users/63dd1a4b032d41c67ca94658 [36m304[0m 51.256 ms - -[0m
2023-02-07 09:45:05 info: [0mGET /blogs?page=0&limit=6&createdAt=-1 [0m-[0m - ms - -[0m
2023-02-07 09:45:07 info: [0mGET /users/63da492af93431821a372326 [36m304[0m 99.115 ms - -[0m
2023-02-07 09:45:08 info: [0mGET /blogs?page=0&limit=6&createdAt=-1 [32m200[0m 889.297 ms - -[0m
2023-02-07 09:45:08 info: [0mGET /question/blog/63e0f92297a047ee32a70cc5 [36m304[0m 54.198 ms - -[0m
2023-02-07 09:45:08 info: [0mGET /users/63dd1a4b032d41c67ca94658 [36m304[0m 65.744 ms - -[0m
2023-02-07 09:45:08 info: [0mGET /question/blog/63e0c8b288e8ff771e8bdd8f [36m304[0m 46.111 ms - -[0m
2023-02-07 09:45:08 info: [0mGET /question/blog/63e0ca4e88e8ff771e8bdda4 [36m304[0m 53.107 ms - -[0m
2023-02-07 09:45:08 info: [0mGET /question/blog/63e0cb5588e8ff771e8bddb8 [36m304[0m 64.480 ms - -[0m
2023-02-07 09:45:08 info: [0mGET /users/63da492af93431821a372326 [36m304[0m 43.659 ms - -[0m
2023-02-07 09:45:08 info: [0mGET /question/blog/63dcc526e263bf7e75516999 [36m304[0m 58.607 ms - -[0m
2023-02-07 09:45:08 info: [0mGET /users/63dd1a4b032d41c67ca94658 [36m304[0m 59.996 ms - -[0m
2023-02-07 09:45:08 info: [0mGET /users/63dd1a4b032d41c67ca94658 [36m304[0m 63.650 ms - -[0m
2023-02-07 09:45:09 info: [0mGET /users/63dd1a4b032d41c67ca94658 [36m304[0m 62.244 ms - -[0m
2023-02-07 09:45:09 info: [0mGET /users/63dd1a4b032d41c67ca94658 [36m304[0m 53.648 ms - -[0m
2023-02-07 09:45:09 info: [0mGET /question/blog/63e0a94c97adada1dee892b4 [36m304[0m 491.935 ms - -[0m
2023-02-07 09:45:49 info: [0mGET /users/63da492af93431821a372326 [36m304[0m 76.707 ms - -[0m
2023-02-07 09:45:50 info: [0mGET /blogs?page=0&limit=6&createdAt=-1 [36m304[0m 1637.372 ms - -[0m
2023-02-07 09:45:51 info: [0mGET /question/blog/63e0f92297a047ee32a70cc5 [36m304[0m 61.067 ms - -[0m
2023-02-07 09:45:51 info: [0mGET /question/blog/63e0cb5588e8ff771e8bddb8 [36m304[0m 68.210 ms - -[0m
2023-02-07 09:45:51 info: [0mGET /question/blog/63e0ca4e88e8ff771e8bdda4 [36m304[0m 62.683 ms - -[0m
2023-02-07 09:45:51 info: [0mGET /users/63dd1a4b032d41c67ca94658 [36m304[0m 99.306 ms - -[0m
2023-02-07 09:45:51 info: [0mGET /question/blog/63e0c8b288e8ff771e8bdd8f [36m304[0m 75.265 ms - -[0m
2023-02-07 09:45:51 info: [0mGET /question/blog/63dcc526e263bf7e75516999 [36m304[0m 49.548 ms - -[0m
2023-02-07 09:45:51 info: [0mGET /question/blog/63e0a94c97adada1dee892b4 [36m304[0m 69.807 ms - -[0m
2023-02-07 09:45:51 info: [0mGET /users/63da492af93431821a372326 [36m304[0m 67.305 ms - -[0m
2023-02-07 09:45:51 info: [0mGET /users/63dd1a4b032d41c67ca94658 [36m304[0m 61.369 ms - -[0m
2023-02-07 09:45:51 info: [0mGET /users/63dd1a4b032d41c67ca94658 [36m304[0m 55.962 ms - -[0m
2023-02-07 09:45:51 info: [0mGET /users/63dd1a4b032d41c67ca94658 [36m304[0m 65.440 ms - -[0m
2023-02-07 09:45:51 info: [0mGET /users/63dd1a4b032d41c67ca94658 [36m304[0m 64.668 ms - -[0m
2023-02-07 09:46:06 info: [0mOPTIONS /question/create [32m204[0m 0.298 ms - 0[0m
2023-02-07 09:46:06 info: [0mPOST /question/create [32m201[0m 100.268 ms - 306[0m
2023-02-07 09:46:07 info: [0mGET /blogs?page=0&limit=6&createdAt=-1 [36m304[0m 1217.898 ms - -[0m
2023-02-07 09:46:08 info: [0mGET /question/user/63da492af93431821a372326 [32m200[0m 69.697 ms - -[0m
2023-02-07 09:46:21 info: [0mOPTIONS /question/create [32m204[0m 0.233 ms - 0[0m
2023-02-07 09:46:21 info: [0mPOST /question/create [32m201[0m 108.000 ms - 298[0m
2023-02-07 09:46:22 info: [0mGET /blogs?page=0&limit=6&createdAt=-1 [36m304[0m 663.070 ms - -[0m
2023-02-07 09:46:23 info: [0mGET /question/user/63da492af93431821a372326 [32m200[0m 77.343 ms - -[0m
2023-02-07 09:46:35 info: [0mOPTIONS /question/create [32m204[0m 0.389 ms - 0[0m
2023-02-07 09:46:35 info: [0mPOST /question/create [32m201[0m 72.987 ms - 304[0m
2023-02-07 09:46:36 info: [0mGET /blogs?page=0&limit=6&createdAt=-1 [36m304[0m 1053.408 ms - -[0m
2023-02-07 09:46:37 info: [0mGET /question/user/63da492af93431821a372326 [32m200[0m 85.062 ms - -[0m
2023-02-07 09:48:35 info: [0mGET /users/63dd1a4b032d41c67ca94658 [36m304[0m 357.753 ms - -[0m
2023-02-07 09:48:35 info: [0mGET /question/blog/63e0f92297a047ee32a70cc5 [36m304[0m 353.078 ms - -[0m
2023-02-07 09:48:36 info: [0mGET /question/blog/63e0c8b288e8ff771e8bdd8f [36m304[0m 390.100 ms - -[0m
2023-02-07 09:48:36 info: [0mGET /question/blog/63e0a94c97adada1dee892b4 [36m304[0m 394.585 ms - -[0m
2023-02-07 09:48:36 info: [0mGET /users/63da492af93431821a372326 [36m304[0m 103.384 ms - -[0m
2023-02-07 09:48:36 info: [0mGET /question/blog/63dcc526e263bf7e75516999 [36m304[0m 107.817 ms - -[0m
2023-02-07 09:48:36 info: [0mGET /users/63dd1a4b032d41c67ca94658 [36m304[0m 82.170 ms - -[0m
2023-02-07 09:48:36 info: [0mGET /users/63dd1a4b032d41c67ca94658 [36m304[0m 57.948 ms - -[0m
2023-02-07 09:48:36 info: [0mGET /question/blog/63e0ca4e88e8ff771e8bdda4 [36m304[0m 595.219 ms - -[0m
2023-02-07 09:48:36 info: [0mGET /users/63dd1a4b032d41c67ca94658 [36m304[0m 52.369 ms - -[0m
2023-02-07 09:48:36 info: [0mGET /question/blog/63e0cb5588e8ff771e8bddb8 [32m200[0m 620.878 ms - -[0m
2023-02-07 09:48:36 info: [0mGET /users/63dd1a4b032d41c67ca94658 [36m304[0m 60.773 ms - -[0m
2023-02-07 09:48:56 info: [0mGET /question/blog/63e0cb5588e8ff771e8bddb8 [36m304[0m 68.720 ms - -[0m
2023-02-07 09:49:03 info: [0mOPTIONS /question/create [32m204[0m 0.338 ms - 0[0m
2023-02-07 09:49:03 info: [0mPOST /question/create [32m201[0m 86.477 ms - 297[0m
2023-02-07 09:49:05 info: [0mGET /blogs?page=0&limit=6&createdAt=-1 [36m304[0m 1377.154 ms - -[0m
2023-02-07 09:49:05 info: [0mGET /question/user/63da492af93431821a372326 [32m200[0m 75.310 ms - -[0m
2023-02-07 09:49:06 info: [0mGET /question/blog/63e0cb5588e8ff771e8bddb8 [32m200[0m 56.317 ms - -[0m
2023-02-07 09:49:16 info: [0mOPTIONS /question/create [32m204[0m 0.316 ms - 0[0m
2023-02-07 09:49:16 info: [0mPOST /question/create [32m201[0m 63.241 ms - 316[0m
2023-02-07 09:49:18 info: [0mGET /blogs?page=0&limit=6&createdAt=-1 [36m304[0m 1591.942 ms - -[0m
2023-02-07 09:49:19 info: [0mGET /question/user/63da492af93431821a372326 [32m200[0m 71.841 ms - -[0m
2023-02-07 09:49:20 info: [0mGET /question/blog/63e0cb5588e8ff771e8bddb8 [32m200[0m 250.350 ms - -[0m
2023-02-07 09:49:26 info: [0mGET /question/user/63da492af93431821a372326 [36m304[0m 80.755 ms - -[0m
2023-02-07 09:49:26 info: [0mGET /blogs/63e0a94c97adada1dee892b4 [36m304[0m 97.408 ms - -[0m
2023-02-07 09:49:26 info: [0mGET /blogs/63e0cb5588e8ff771e8bddb8 [36m304[0m 265.064 ms - -[0m
2023-02-07 09:49:26 info: [0mGET /blogs/63e0a94c97adada1dee892b4 [36m304[0m 170.452 ms - -[0m
2023-02-07 09:49:26 info: [0mGET /blogs/63e0ca4e88e8ff771e8bdda4 [36m304[0m 323.117 ms - -[0m
2023-02-07 09:49:26 info: [0mGET /blogs/63e0cb5588e8ff771e8bddb8 [36m304[0m 239.106 ms - -[0m
2023-02-07 09:49:26 info: [0mGET /blogs/63e0f92297a047ee32a70cc5 [36m304[0m 568.113 ms - -[0m
2023-02-07 09:49:26 info: [0mGET /blogs/63e0a94c97adada1dee892b4 [36m304[0m 294.407 ms - -[0m
2023-02-07 09:49:26 info: [0mGET /blogs/63e0cb5588e8ff771e8bddb8 [36m304[0m 216.570 ms - -[0m
2023-02-07 09:49:27 info: [0mGET /blogs/63e0cb5588e8ff771e8bddb8 [36m304[0m 116.912 ms - -[0m
2023-02-07 09:49:27 info: [0mGET /blogs/63e0cb5588e8ff771e8bddb8 [36m304[0m 109.910 ms - -[0m
2023-02-07 09:49:27 info: [0mGET /blogs/63e0cb5588e8ff771e8bddb8 [36m304[0m 131.666 ms - -[0m
2023-02-07 09:49:27 info: [0mGET /blogs/63e0cb5588e8ff771e8bddb8 [36m304[0m 168.024 ms - -[0m
2023-02-07 09:49:29 info: [0mOPTIONS /question/63e1d1440a2bd5ceb2aa9592 [32m204[0m 0.317 ms - 0[0m
2023-02-07 09:49:29 info: [0mDELETE /question/63e1d1440a2bd5ceb2aa9592 [32m200[0m 119.394 ms - 307[0m
2023-02-07 09:49:29 info: [0mGET /question/user/63da492af93431821a372326 [32m200[0m 65.845 ms - -[0m
2023-02-07 09:49:32 info: [0mOPTIONS /question/63e1d1370a2bd5ceb2aa958b [32m204[0m 0.215 ms - 0[0m
2023-02-07 09:49:33 info: [0mDELETE /question/63e1d1370a2bd5ceb2aa958b [32m200[0m 89.667 ms - 288[0m
2023-02-07 09:49:33 info: [0mGET /question/user/63da492af93431821a372326 [32m200[0m 66.939 ms - -[0m
2023-02-07 09:49:39 info: [0mOPTIONS /question/63e1d0a30a2bd5ceb2aa9579 [32m204[0m 0.238 ms - 0[0m
2023-02-07 09:49:39 info: [0mDELETE /question/63e1d0a30a2bd5ceb2aa9579 [32m200[0m 100.075 ms - 295[0m
2023-02-07 09:49:39 info: [0mGET /question/user/63da492af93431821a372326 [32m200[0m 76.035 ms - -[0m
2023-02-07 09:49:50 info: [0mGET /question/askedtome/63da492af93431821a372326 [36m304[0m 69.644 ms - -[0m
2023-02-07 09:49:50 info: [0mGET /blogs/63dcc526e263bf7e75516999 [36m304[0m 58.823 ms - -[0m
2023-02-07 09:49:50 info: [0mGET /blogs/63dcc526e263bf7e75516999 [36m304[0m 43.697 ms - -[0m
2023-02-07 09:49:50 info: [0mGET /users/63dd1a4b032d41c67ca94658 [36m304[0m 56.569 ms - -[0m
2023-02-07 09:49:50 info: [0mGET /blogs/63dcc526e263bf7e75516999 [36m304[0m 60.646 ms - -[0m
2023-02-07 09:49:50 info: [0mGET /users/63dd1a4b032d41c67ca94658 [36m304[0m 76.758 ms - -[0m
2023-02-07 09:49:50 info: [0mGET /blogs/63dcc526e263bf7e75516999 [36m304[0m 70.899 ms - -[0m
2023-02-07 09:49:50 info: [0mGET /users/63dd1a4b032d41c67ca94658 [36m304[0m 47.030 ms - -[0m
2023-02-07 09:49:50 info: [0mGET /users/63dd1a4b032d41c67ca94658 [36m304[0m 55.678 ms - -[0m
2023-02-07 09:49:50 info: [0mGET /blogs/63dcc526e263bf7e75516999 [36m304[0m 74.267 ms - -[0m
2023-02-07 09:49:51 info: [0mGET /blogs/63dcc526e263bf7e75516999 [36m304[0m 56.730 ms - -[0m
2023-02-07 09:49:51 info: [0mGET /users/63dd1a4b032d41c67ca94658 [36m304[0m 52.766 ms - -[0m
2023-02-07 09:49:51 info: [0mGET /users/63dd1a4b032d41c67ca94658 [36m304[0m 64.863 ms - -[0m
2023-02-07 09:50:07 info: [0mGET /question/user/63da492af93431821a372326 [36m304[0m 68.632 ms - -[0m
2023-02-07 09:50:07 info: [0mGET /blogs/63e0a94c97adada1dee892b4 [36m304[0m 66.489 ms - -[0m
2023-02-07 09:50:07 info: [0mGET /blogs/63e0a94c97adada1dee892b4 [36m304[0m 76.928 ms - -[0m
2023-02-07 09:50:07 info: [0mGET /blogs/63e0cb5588e8ff771e8bddb8 [36m304[0m 196.748 ms - -[0m
2023-02-07 09:50:07 info: [0mGET /blogs/63e0ca4e88e8ff771e8bdda4 [36m304[0m 202.771 ms - -[0m
2023-02-07 09:50:07 info: [0mGET /blogs/63e0a94c97adada1dee892b4 [36m304[0m 76.324 ms - -[0m
2023-02-07 09:50:07 info: [0mGET /blogs/63e0f92297a047ee32a70cc5 [36m304[0m 265.130 ms - -[0m
2023-02-07 09:50:07 info: [0mGET /blogs/63e0cb5588e8ff771e8bddb8 [36m304[0m 121.340 ms - -[0m
2023-02-07 09:50:07 info: [0mGET /blogs/63e0cb5588e8ff771e8bddb8 [36m304[0m 112.559 ms - -[0m
2023-02-07 09:50:08 info: [0mGET /blogs/63e0cb5588e8ff771e8bddb8 [36m304[0m 103.850 ms - -[0m
2023-02-07 09:50:14 info: [0mGET /blogs?page=0&limit=6&createdAt=-1 [36m304[0m 1011.069 ms - -[0m
2023-02-07 09:50:14 info: [0mGET /users/63dd1a4b032d41c67ca94658 [36m304[0m 57.670 ms - -[0m
2023-02-07 09:50:14 info: [0mGET /question/blog/63e0f92297a047ee32a70cc5 [36m304[0m 65.055 ms - -[0m
2023-02-07 09:50:14 info: [0mGET /question/blog/63e0ca4e88e8ff771e8bdda4 [36m304[0m 44.951 ms - -[0m
2023-02-07 09:50:14 info: [0mGET /question/blog/63e0cb5588e8ff771e8bddb8 [32m200[0m 46.800 ms - -[0m
2023-02-07 09:50:14 info: [0mGET /question/blog/63e0a94c97adada1dee892b4 [36m304[0m 57.866 ms - -[0m
2023-02-07 09:50:14 info: [0mGET /question/blog/63dcc526e263bf7e75516999 [36m304[0m 62.513 ms - -[0m
2023-02-07 09:50:14 info: [0mGET /users/63dd1a4b032d41c67ca94658 [36m304[0m 49.760 ms - -[0m
2023-02-07 09:50:15 info: [0mGET /users/63dd1a4b032d41c67ca94658 [36m304[0m 53.634 ms - -[0m
2023-02-07 09:50:15 info: [0mGET /users/63dd1a4b032d41c67ca94658 [36m304[0m 54.810 ms - -[0m
2023-02-07 09:50:15 info: [0mGET /users/63dd1a4b032d41c67ca94658 [36m304[0m 48.337 ms - -[0m
2023-02-07 09:50:15 info: [0mGET /question/blog/63e0c8b288e8ff771e8bdd8f [36m304[0m 664.345 ms - -[0m
2023-02-07 09:50:15 info: [0mGET /users/63da492af93431821a372326 [36m304[0m 694.805 ms - -[0m
