2023-02-07 10:09:27 error: [GET] /blogs/63dcc526e263bf7e75516999 >> StatusCode:: 409, Message:: User doesn't exist
2023-02-07 10:09:27 error: [GET] /blogs/63dcc526e263bf7e75516999 >> StatusCode:: 409, Message:: User doesn't exist
2023-02-07 10:09:27 error: [GET] /blogs/63dcc526e263bf7e75516999 >> StatusCode:: 409, Message:: User doesn't exist
2023-02-07 10:09:27 error: [GET] /blogs/63dcc526e263bf7e75516999 >> StatusCode:: 409, Message:: User doesn't exist
2023-02-07 10:09:27 error: [GET] /blogs/63dcc526e263bf7e75516999 >> StatusCode:: 409, Message:: User doesn't exist
2023-02-07 10:09:27 error: [GET] /blogs/63dcc526e263bf7e75516999 >> StatusCode:: 409, Message:: User doesn't exist
2023-02-07 11:12:40 error: uncaughtException: EIO: i/o error, write
Error: EIO: i/o error, write
    at writeSync (node:fs:926:3)
    at SyncWriteStream._write (node:internal/fs/sync_write_stream:26:3)
    at writeOrBuffer (node:internal/streams/writable:392:12)
    at _write (node:internal/streams/writable:333:10)
    at SyncWriteStream.Writable.write (node:internal/streams/writable:337:10)
    at Console.log (/home/abc/Desktop/sampleProject/Travel-Log Backend/node_modules/winston/lib/winston/transports/console.js:79:23)
    at Console._write (/home/abc/Desktop/sampleProject/Travel-Log Backend/node_modules/winston-transport/index.js:103:17)
    at doWrite (/home/abc/Desktop/sampleProject/Travel-Log Backend/node_modules/winston-transport/node_modules/readable-stream/lib/_stream_writable.js:409:139)
    at writeOrBuffer (/home/abc/Desktop/sampleProject/Travel-Log Backend/node_modules/winston-transport/node_modules/readable-stream/lib/_stream_writable.js:398:5)
    at Console.Writable.write (/home/abc/Desktop/sampleProject/Travel-Log Backend/node_modules/winston-transport/node_modules/readable-stream/lib/_stream_writable.js:307:11)
2023-02-07 13:26:20 error: [GET] /blogs/63dcc526e263bf7e75516999 >> StatusCode:: 409, Message:: User doesn't exist
2023-02-07 13:26:20 error: [GET] /blogs/63dcc526e263bf7e75516999 >> StatusCode:: 409, Message:: User doesn't exist
2023-02-07 13:26:20 error: [GET] /blogs/63dcc526e263bf7e75516999 >> StatusCode:: 409, Message:: User doesn't exist
2023-02-07 13:26:20 error: [GET] /blogs/63dcc526e263bf7e75516999 >> StatusCode:: 409, Message:: User doesn't exist
2023-02-07 13:26:20 error: [GET] /blogs/63dcc526e263bf7e75516999 >> StatusCode:: 409, Message:: User doesn't exist
2023-02-07 13:26:20 error: [GET] /blogs/63dcc526e263bf7e75516999 >> StatusCode:: 409, Message:: User doesn't exist
2023-02-07 13:26:45 error: [GET] /blogs/63dcc526e263bf7e75516999 >> StatusCode:: 409, Message:: User doesn't exist
2023-02-07 13:26:45 error: [GET] /blogs/63dcc526e263bf7e75516999 >> StatusCode:: 409, Message:: User doesn't exist
2023-02-07 13:26:45 error: [GET] /blogs/63dcc526e263bf7e75516999 >> StatusCode:: 409, Message:: User doesn't exist
2023-02-07 13:26:45 error: [GET] /blogs/63dcc526e263bf7e75516999 >> StatusCode:: 409, Message:: User doesn't exist
2023-02-07 13:26:45 error: [GET] /blogs/63dcc526e263bf7e75516999 >> StatusCode:: 409, Message:: User doesn't exist
2023-02-07 13:26:45 error: [GET] /blogs/63dcc526e263bf7e75516999 >> StatusCode:: 409, Message:: User doesn't exist
2023-02-07 13:27:07 error: [GET] /blogs/63dcc526e263bf7e75516999 >> StatusCode:: 409, Message:: User doesn't exist
2023-02-07 13:27:07 error: [GET] /blogs/63dcc526e263bf7e75516999 >> StatusCode:: 409, Message:: User doesn't exist
2023-02-07 13:27:07 error: [GET] /blogs/63dcc526e263bf7e75516999 >> StatusCode:: 409, Message:: User doesn't exist
2023-02-07 13:27:07 error: [GET] /blogs/63dcc526e263bf7e75516999 >> StatusCode:: 409, Message:: User doesn't exist
2023-02-07 13:27:07 error: [GET] /blogs/63dcc526e263bf7e75516999 >> StatusCode:: 409, Message:: User doesn't exist
2023-02-07 13:27:07 error: [GET] /blogs/63dcc526e263bf7e75516999 >> StatusCode:: 409, Message:: User doesn't exist
2023-02-07 13:37:05 error: [POST] /question/create >> StatusCode:: 500, Message:: question validation failed: question: Path `question` is required.
2023-02-07 13:54:41 error: [GET] /blogs/63dcc526e263bf7e75516999 >> StatusCode:: 409, Message:: User doesn't exist
2023-02-07 13:54:41 error: [GET] /blogs/63dcc526e263bf7e75516999 >> StatusCode:: 409, Message:: User doesn't exist
2023-02-07 13:54:41 error: [GET] /blogs/63dcc526e263bf7e75516999 >> StatusCode:: 409, Message:: User doesn't exist
2023-02-07 13:54:41 error: [GET] /blogs/63dcc526e263bf7e75516999 >> StatusCode:: 409, Message:: User doesn't exist
2023-02-07 13:54:41 error: [GET] /blogs/63dcc526e263bf7e75516999 >> StatusCode:: 409, Message:: User doesn't exist
2023-02-07 13:54:42 error: [GET] /blogs/63dcc526e263bf7e75516999 >> StatusCode:: 409, Message:: User doesn't exist
2023-02-07 15:12:26 error: [GET] /blogs >> StatusCode:: 500, Message:: BSON field 'skip' value must be >= 0, actual value '-6'
2023-02-07 15:12:26 error: [GET] /blogs >> StatusCode:: 500, Message:: BSON field 'skip' value must be >= 0, actual value '-6'
2023-02-07 15:12:28 error: [GET] /blogs >> StatusCode:: 500, Message:: BSON field 'skip' value must be >= 0, actual value '-6'
2023-02-07 15:13:55 error: [GET] /blogs >> StatusCode:: 500, Message:: BSON field 'skip' value must be >= 0, actual value '-6'
2023-02-07 15:15:12 error: [GET] /blogs >> StatusCode:: 500, Message:: BSON field 'skip' value must be >= 0, actual value '-6'
2023-02-07 15:15:14 error: [GET] /blogs >> StatusCode:: 500, Message:: BSON field 'skip' value must be >= 0, actual value '-6'
2023-02-07 15:16:22 error: [GET] /blogs >> StatusCode:: 500, Message:: BSON field 'skip' value must be >= 0, actual value '-6'
2023-02-07 15:16:44 error: [GET] /blogs >> StatusCode:: 500, Message:: BSON field 'skip' value must be >= 0, actual value '-6'
2023-02-07 15:17:12 error: [GET] /blogs >> StatusCode:: 500, Message:: BSON field 'skip' value must be >= 0, actual value '-6'
2023-02-07 15:17:35 error: [GET] /blogs >> StatusCode:: 500, Message:: BSON field 'skip' value must be >= 0, actual value '-6'
2023-02-07 15:17:41 error: [GET] /blogs >> StatusCode:: 500, Message:: BSON field 'skip' value must be >= 0, actual value '-6'
2023-02-07 15:17:51 error: [GET] /blogs >> StatusCode:: 500, Message:: BSON field 'skip' value must be >= 0, actual value '-6'
2023-02-07 15:18:57 error: [GET] /blogs >> StatusCode:: 500, Message:: BSON field 'skip' value must be >= 0, actual value '-6'
2023-02-07 15:19:38 error: [GET] /blogs >> StatusCode:: 500, Message:: BSON field 'skip' value must be >= 0, actual value '-6'
2023-02-07 15:25:13 error: [GET] /blogs >> StatusCode:: 500, Message:: BSON field 'skip' value must be >= 0, actual value '-6'
2023-02-07 15:25:26 error: [GET] /blogs >> StatusCode:: 500, Message:: BSON field 'skip' value must be >= 0, actual value '-6'
2023-02-07 15:26:00 error: [GET] /blogs >> StatusCode:: 500, Message:: BSON field 'skip' value must be >= 0, actual value '-6'
2023-02-07 16:47:16 error: [POST] /question/create >> StatusCode:: 500, Message:: question validation failed: question: Path `question` is required.
2023-02-07 17:37:10 error: [GET] /users/undefined >> StatusCode:: 500, Message:: Cast to ObjectId failed for value "undefined" (type string) at path "_id" for model "User"
2023-02-07 19:18:40 error: [DELETE] /blogs/63e2562c8b87f79e5a3171de >> StatusCode:: 409, Message:: Blog doesn't exist
2023-02-07 19:19:19 error: [DELETE] /blogs/63e2084968ac31e742eab266 >> StatusCode:: 409, Message:: Blog doesn't exist
2023-02-07 19:25:06 error: [DELETE] /blogs/63e2078568ac31e742eab256 >> StatusCode:: 409, Message:: Blog doesn't exist
2023-02-07 21:44:35 error: [GET] /blogs/63dcc526e263bf7e75516999 >> StatusCode:: 409, Message:: User doesn't exist
2023-02-07 21:44:35 error: [GET] /blogs/63dcc526e263bf7e75516999 >> StatusCode:: 409, Message:: User doesn't exist
2023-02-07 21:44:35 error: [GET] /blogs/63dcc526e263bf7e75516999 >> StatusCode:: 409, Message:: User doesn't exist
2023-02-07 21:44:36 error: [GET] /blogs/63dcc526e263bf7e75516999 >> StatusCode:: 409, Message:: User doesn't exist
2023-02-07 21:44:37 error: [GET] /blogs/63dcc526e263bf7e75516999 >> StatusCode:: 409, Message:: User doesn't exist
2023-02-07 21:44:37 error: [GET] /blogs/63dcc526e263bf7e75516999 >> StatusCode:: 409, Message:: User doesn't exist
2023-02-07 21:45:28 error: [GET] /blogs/63dcc526e263bf7e75516999 >> StatusCode:: 409, Message:: User doesn't exist
2023-02-07 21:45:29 error: [GET] /blogs/63dcc526e263bf7e75516999 >> StatusCode:: 409, Message:: User doesn't exist
2023-02-07 21:45:29 error: [GET] /blogs/63dcc526e263bf7e75516999 >> StatusCode:: 409, Message:: User doesn't exist
2023-02-07 21:45:30 error: [GET] /blogs/63dcc526e263bf7e75516999 >> StatusCode:: 409, Message:: User doesn't exist
2023-02-07 21:45:30 error: [GET] /blogs/63dcc526e263bf7e75516999 >> StatusCode:: 409, Message:: User doesn't exist
2023-02-07 21:45:30 error: [GET] /blogs/63dcc526e263bf7e75516999 >> StatusCode:: 409, Message:: User doesn't exist
2023-02-07 21:45:33 error: [GET] /blogs/63dcc526e263bf7e75516999 >> StatusCode:: 409, Message:: User doesn't exist
2023-02-07 21:45:33 error: [GET] /blogs/63dcc526e263bf7e75516999 >> StatusCode:: 409, Message:: User doesn't exist
2023-02-07 21:45:34 error: [GET] /blogs/63dcc526e263bf7e75516999 >> StatusCode:: 409, Message:: User doesn't exist
2023-02-07 21:45:34 error: [GET] /blogs/63dcc526e263bf7e75516999 >> StatusCode:: 409, Message:: User doesn't exist
2023-02-07 21:45:34 error: [GET] /blogs/63dcc526e263bf7e75516999 >> StatusCode:: 409, Message:: User doesn't exist
2023-02-07 21:45:34 error: [GET] /blogs/63dcc526e263bf7e75516999 >> StatusCode:: 409, Message:: User doesn't exist
2023-02-07 21:46:41 error: [GET] /blogs/63dcc526e263bf7e75516999 >> StatusCode:: 409, Message:: User doesn't exist
2023-02-07 21:46:41 error: [GET] /blogs/63dcc526e263bf7e75516999 >> StatusCode:: 409, Message:: User doesn't exist
2023-02-07 21:46:42 error: [GET] /blogs/63dcc526e263bf7e75516999 >> StatusCode:: 409, Message:: User doesn't exist
2023-02-07 21:46:42 error: [GET] /blogs/63dcc526e263bf7e75516999 >> StatusCode:: 409, Message:: User doesn't exist
2023-02-07 21:46:42 error: [GET] /blogs/63dcc526e263bf7e75516999 >> StatusCode:: 409, Message:: User doesn't exist
2023-02-07 21:46:42 error: [GET] /blogs/63dcc526e263bf7e75516999 >> StatusCode:: 409, Message:: User doesn't exist
2023-02-07 22:27:22 error: [GET] /blogs/63dcc526e263bf7e75516999 >> StatusCode:: 409, Message:: User doesn't exist
2023-02-07 22:27:23 error: [GET] /blogs/63dcc526e263bf7e75516999 >> StatusCode:: 409, Message:: User doesn't exist
2023-02-07 22:27:23 error: [GET] /blogs/63dcc526e263bf7e75516999 >> StatusCode:: 409, Message:: User doesn't exist
2023-02-07 22:27:23 error: [GET] /blogs/63dcc526e263bf7e75516999 >> StatusCode:: 409, Message:: User doesn't exist
2023-02-07 22:27:23 error: [GET] /blogs/63dcc526e263bf7e75516999 >> StatusCode:: 409, Message:: User doesn't exist
2023-02-07 22:27:23 error: [GET] /blogs/63dcc526e263bf7e75516999 >> StatusCode:: 409, Message:: User doesn't exist
2023-02-07 22:47:08 error: [DELETE] /blogs/63e2825c3d77dedd6449b061 >> StatusCode:: 409, Message:: Blog doesn't exist
2023-02-07 23:17:46 error: [GET] /blogs/63dcc526e263bf7e75516999 >> StatusCode:: 409, Message:: User doesn't exist
2023-02-07 23:17:46 error: [GET] /blogs/63dcc526e263bf7e75516999 >> StatusCode:: 409, Message:: User doesn't exist
2023-02-07 23:17:46 error: [GET] /blogs/63dcc526e263bf7e75516999 >> StatusCode:: 409, Message:: User doesn't exist
2023-02-07 23:17:46 error: [GET] /blogs/63dcc526e263bf7e75516999 >> StatusCode:: 409, Message:: User doesn't exist
2023-02-07 23:17:47 error: [GET] /blogs/63dcc526e263bf7e75516999 >> StatusCode:: 409, Message:: User doesn't exist
2023-02-07 23:17:47 error: [GET] /blogs/63dcc526e263bf7e75516999 >> StatusCode:: 409, Message:: User doesn't exist
2023-02-07 23:17:52 error: [GET] /blogs/63dcc526e263bf7e75516999 >> StatusCode:: 409, Message:: User doesn't exist
2023-02-07 23:17:52 error: [GET] /blogs/63dcc526e263bf7e75516999 >> StatusCode:: 409, Message:: User doesn't exist
2023-02-07 23:17:52 error: [GET] /blogs/63dcc526e263bf7e75516999 >> StatusCode:: 409, Message:: User doesn't exist
2023-02-07 23:17:52 error: [GET] /blogs/63dcc526e263bf7e75516999 >> StatusCode:: 409, Message:: User doesn't exist
2023-02-07 23:17:52 error: [GET] /blogs/63dcc526e263bf7e75516999 >> StatusCode:: 409, Message:: User doesn't exist
2023-02-07 23:17:52 error: [GET] /blogs/63dcc526e263bf7e75516999 >> StatusCode:: 409, Message:: User doesn't exist
2023-02-07 23:17:56 error: [GET] /blogs/63dcc526e263bf7e75516999 >> StatusCode:: 409, Message:: User doesn't exist
2023-02-07 23:17:56 error: [GET] /blogs/63dcc526e263bf7e75516999 >> StatusCode:: 409, Message:: User doesn't exist
2023-02-07 23:17:56 error: [GET] /blogs/63dcc526e263bf7e75516999 >> StatusCode:: 409, Message:: User doesn't exist
2023-02-07 23:17:56 error: [GET] /blogs/63dcc526e263bf7e75516999 >> StatusCode:: 409, Message:: User doesn't exist
2023-02-07 23:17:56 error: [GET] /blogs/63dcc526e263bf7e75516999 >> StatusCode:: 409, Message:: User doesn't exist
2023-02-07 23:17:56 error: [GET] /blogs/63dcc526e263bf7e75516999 >> StatusCode:: 409, Message:: User doesn't exist
2023-02-07 23:18:01 error: [GET] /blogs/63dcc526e263bf7e75516999 >> StatusCode:: 409, Message:: User doesn't exist
2023-02-07 23:18:01 error: [GET] /blogs/63dcc526e263bf7e75516999 >> StatusCode:: 409, Message:: User doesn't exist
2023-02-07 23:18:01 error: [GET] /blogs/63dcc526e263bf7e75516999 >> StatusCode:: 409, Message:: User doesn't exist
2023-02-07 23:18:01 error: [GET] /blogs/63dcc526e263bf7e75516999 >> StatusCode:: 409, Message:: User doesn't exist
2023-02-07 23:18:02 error: [GET] /blogs/63dcc526e263bf7e75516999 >> StatusCode:: 409, Message:: User doesn't exist
2023-02-07 23:18:02 error: [GET] /blogs/63dcc526e263bf7e75516999 >> StatusCode:: 409, Message:: User doesn't exist
2023-02-07 23:18:04 error: [GET] /blogs/63dcc526e263bf7e75516999 >> StatusCode:: 409, Message:: User doesn't exist
2023-02-07 23:18:04 error: [GET] /blogs/63dcc526e263bf7e75516999 >> StatusCode:: 409, Message:: User doesn't exist
2023-02-07 23:18:04 error: [GET] /blogs/63dcc526e263bf7e75516999 >> StatusCode:: 409, Message:: User doesn't exist
2023-02-07 23:18:04 error: [GET] /blogs/63dcc526e263bf7e75516999 >> StatusCode:: 409, Message:: User doesn't exist
2023-02-07 23:18:04 error: [GET] /blogs/63dcc526e263bf7e75516999 >> StatusCode:: 409, Message:: User doesn't exist
2023-02-07 23:18:04 error: [GET] /blogs/63dcc526e263bf7e75516999 >> StatusCode:: 409, Message:: User doesn't exist
2023-02-07 23:18:08 error: [GET] /blogs/63dcc526e263bf7e75516999 >> StatusCode:: 409, Message:: User doesn't exist
2023-02-07 23:18:08 error: [GET] /blogs/63dcc526e263bf7e75516999 >> StatusCode:: 409, Message:: User doesn't exist
2023-02-07 23:18:08 error: [GET] /blogs/63dcc526e263bf7e75516999 >> StatusCode:: 409, Message:: User doesn't exist
2023-02-07 23:18:08 error: [GET] /blogs/63dcc526e263bf7e75516999 >> StatusCode:: 409, Message:: User doesn't exist
2023-02-07 23:18:08 error: [GET] /blogs/63dcc526e263bf7e75516999 >> StatusCode:: 409, Message:: User doesn't exist
2023-02-07 23:18:09 error: [GET] /blogs/63dcc526e263bf7e75516999 >> StatusCode:: 409, Message:: User doesn't exist
2023-02-07 23:18:14 error: [GET] /blogs/63dcc526e263bf7e75516999 >> StatusCode:: 409, Message:: User doesn't exist
2023-02-07 23:18:14 error: [GET] /blogs/63dcc526e263bf7e75516999 >> StatusCode:: 409, Message:: User doesn't exist
2023-02-07 23:18:15 error: [GET] /blogs/63dcc526e263bf7e75516999 >> StatusCode:: 409, Message:: User doesn't exist
2023-02-07 23:18:15 error: [GET] /blogs/63dcc526e263bf7e75516999 >> StatusCode:: 409, Message:: User doesn't exist
2023-02-07 23:18:16 error: [GET] /blogs/63dcc526e263bf7e75516999 >> StatusCode:: 409, Message:: User doesn't exist
2023-02-07 23:18:17 error: [GET] /blogs/63dcc526e263bf7e75516999 >> StatusCode:: 409, Message:: User doesn't exist
2023-02-07 23:18:17 error: [GET] /blogs/63dcc526e263bf7e75516999 >> StatusCode:: 409, Message:: User doesn't exist
2023-02-07 23:18:19 error: [GET] /blogs/63dcc526e263bf7e75516999 >> StatusCode:: 409, Message:: User doesn't exist
2023-02-07 23:18:20 error: [GET] /blogs/63dcc526e263bf7e75516999 >> StatusCode:: 409, Message:: User doesn't exist
2023-02-07 23:18:20 error: [GET] /blogs/63dcc526e263bf7e75516999 >> StatusCode:: 409, Message:: User doesn't exist
2023-02-07 23:18:20 error: [GET] /blogs/63dcc526e263bf7e75516999 >> StatusCode:: 409, Message:: User doesn't exist
2023-02-07 23:18:20 error: [GET] /blogs/63dcc526e263bf7e75516999 >> StatusCode:: 409, Message:: User doesn't exist
2023-02-07 23:26:18 error: [GET] /blogs/63dcc526e263bf7e75516999 >> StatusCode:: 409, Message:: User doesn't exist
2023-02-07 23:26:18 error: [GET] /blogs/63dcc526e263bf7e75516999 >> StatusCode:: 409, Message:: User doesn't exist
2023-02-07 23:26:18 error: [GET] /blogs/63dcc526e263bf7e75516999 >> StatusCode:: 409, Message:: User doesn't exist
2023-02-07 23:26:18 error: [GET] /blogs/63dcc526e263bf7e75516999 >> StatusCode:: 409, Message:: User doesn't exist
2023-02-07 23:26:18 error: [GET] /blogs/63dcc526e263bf7e75516999 >> StatusCode:: 409, Message:: User doesn't exist
2023-02-07 23:26:18 error: [GET] /blogs/63dcc526e263bf7e75516999 >> StatusCode:: 409, Message:: User doesn't exist
2023-02-07 23:26:55 error: [GET] /blogs/63dcc526e263bf7e75516999 >> StatusCode:: 409, Message:: User doesn't exist
2023-02-07 23:26:55 error: [GET] /blogs/63dcc526e263bf7e75516999 >> StatusCode:: 409, Message:: User doesn't exist
2023-02-07 23:26:55 error: [GET] /blogs/63dcc526e263bf7e75516999 >> StatusCode:: 409, Message:: User doesn't exist
2023-02-07 23:26:55 error: [GET] /blogs/63dcc526e263bf7e75516999 >> StatusCode:: 409, Message:: User doesn't exist
2023-02-07 23:26:55 error: [GET] /blogs/63dcc526e263bf7e75516999 >> StatusCode:: 409, Message:: User doesn't exist
2023-02-07 23:26:55 error: [GET] /blogs/63dcc526e263bf7e75516999 >> StatusCode:: 409, Message:: User doesn't exist
2023-02-07 23:27:04 error: [GET] /blogs/63dcc526e263bf7e75516999 >> StatusCode:: 409, Message:: User doesn't exist
2023-02-07 23:27:04 error: [GET] /blogs/63dcc526e263bf7e75516999 >> StatusCode:: 409, Message:: User doesn't exist
2023-02-07 23:27:04 error: [GET] /blogs/63dcc526e263bf7e75516999 >> StatusCode:: 409, Message:: User doesn't exist
2023-02-07 23:27:04 error: [GET] /blogs/63dcc526e263bf7e75516999 >> StatusCode:: 409, Message:: User doesn't exist
2023-02-07 23:27:04 error: [GET] /blogs/63dcc526e263bf7e75516999 >> StatusCode:: 409, Message:: User doesn't exist
2023-02-07 23:27:04 error: [GET] /blogs/63dcc526e263bf7e75516999 >> StatusCode:: 409, Message:: User doesn't exist
2023-02-07 23:28:00 error: [GET] /blogs/63dcc526e263bf7e75516999 >> StatusCode:: 409, Message:: User doesn't exist
2023-02-07 23:28:00 error: [GET] /blogs/63dcc526e263bf7e75516999 >> StatusCode:: 409, Message:: User doesn't exist
2023-02-07 23:28:01 error: [GET] /blogs/63dcc526e263bf7e75516999 >> StatusCode:: 409, Message:: User doesn't exist
2023-02-07 23:28:01 error: [GET] /blogs/63dcc526e263bf7e75516999 >> StatusCode:: 409, Message:: User doesn't exist
2023-02-07 23:28:01 error: [GET] /blogs/63dcc526e263bf7e75516999 >> StatusCode:: 409, Message:: User doesn't exist
2023-02-07 23:28:01 error: [GET] /blogs/63dcc526e263bf7e75516999 >> StatusCode:: 409, Message:: User doesn't exist
2023-02-07 23:28:35 error: [GET] /blogs/63dcc526e263bf7e75516999 >> StatusCode:: 409, Message:: User doesn't exist
2023-02-07 23:28:35 error: [GET] /blogs/63dcc526e263bf7e75516999 >> StatusCode:: 409, Message:: User doesn't exist
2023-02-07 23:28:36 error: [GET] /blogs/63dcc526e263bf7e75516999 >> StatusCode:: 409, Message:: User doesn't exist
2023-02-07 23:28:36 error: [GET] /blogs/63dcc526e263bf7e75516999 >> StatusCode:: 409, Message:: User doesn't exist
2023-02-07 23:28:36 error: [GET] /blogs/63dcc526e263bf7e75516999 >> StatusCode:: 409, Message:: User doesn't exist
2023-02-07 23:28:36 error: [GET] /blogs/63dcc526e263bf7e75516999 >> StatusCode:: 409, Message:: User doesn't exist
2023-02-07 23:29:21 error: [GET] /blogs/63dcc526e263bf7e75516999 >> StatusCode:: 409, Message:: User doesn't exist
2023-02-07 23:29:21 error: [GET] /blogs/63dcc526e263bf7e75516999 >> StatusCode:: 409, Message:: User doesn't exist
2023-02-07 23:29:21 error: [GET] /blogs/63dcc526e263bf7e75516999 >> StatusCode:: 409, Message:: User doesn't exist
2023-02-07 23:29:21 error: [GET] /blogs/63dcc526e263bf7e75516999 >> StatusCode:: 409, Message:: User doesn't exist
2023-02-07 23:29:21 error: [GET] /blogs/63dcc526e263bf7e75516999 >> StatusCode:: 409, Message:: User doesn't exist
2023-02-07 23:29:22 error: [GET] /blogs/63dcc526e263bf7e75516999 >> StatusCode:: 409, Message:: User doesn't exist
2023-02-07 23:29:34 error: [GET] /blogs/63dcc526e263bf7e75516999 >> StatusCode:: 409, Message:: User doesn't exist
2023-02-07 23:29:35 error: [GET] /blogs/63dcc526e263bf7e75516999 >> StatusCode:: 409, Message:: User doesn't exist
2023-02-07 23:29:35 error: [GET] /blogs/63dcc526e263bf7e75516999 >> StatusCode:: 409, Message:: User doesn't exist
2023-02-07 23:29:35 error: [GET] /blogs/63dcc526e263bf7e75516999 >> StatusCode:: 409, Message:: User doesn't exist
2023-02-07 23:29:35 error: [GET] /blogs/63dcc526e263bf7e75516999 >> StatusCode:: 409, Message:: User doesn't exist
2023-02-07 23:29:35 error: [GET] /blogs/63dcc526e263bf7e75516999 >> StatusCode:: 409, Message:: User doesn't exist
2023-02-07 23:30:07 error: [GET] /blogs/63dcc526e263bf7e75516999 >> StatusCode:: 409, Message:: User doesn't exist
2023-02-07 23:30:07 error: [GET] /blogs/63dcc526e263bf7e75516999 >> StatusCode:: 409, Message:: User doesn't exist
2023-02-07 23:30:07 error: [GET] /blogs/63dcc526e263bf7e75516999 >> StatusCode:: 409, Message:: User doesn't exist
2023-02-07 23:30:07 error: [GET] /blogs/63dcc526e263bf7e75516999 >> StatusCode:: 409, Message:: User doesn't exist
2023-02-07 23:30:07 error: [GET] /blogs/63dcc526e263bf7e75516999 >> StatusCode:: 409, Message:: User doesn't exist
2023-02-07 23:30:07 error: [GET] /blogs/63dcc526e263bf7e75516999 >> StatusCode:: 409, Message:: User doesn't exist
2023-02-07 23:31:15 error: [GET] /blogs/63dcc526e263bf7e75516999 >> StatusCode:: 409, Message:: User doesn't exist
2023-02-07 23:31:15 error: [GET] /blogs/63dcc526e263bf7e75516999 >> StatusCode:: 409, Message:: User doesn't exist
2023-02-07 23:31:15 error: [GET] /blogs/63dcc526e263bf7e75516999 >> StatusCode:: 409, Message:: User doesn't exist
2023-02-07 23:31:15 error: [GET] /blogs/63dcc526e263bf7e75516999 >> StatusCode:: 409, Message:: User doesn't exist
2023-02-07 23:31:15 error: [GET] /blogs/63dcc526e263bf7e75516999 >> StatusCode:: 409, Message:: User doesn't exist
2023-02-07 23:31:15 error: [GET] /blogs/63dcc526e263bf7e75516999 >> StatusCode:: 409, Message:: User doesn't exist
2023-02-07 23:31:37 error: [GET] /blogs/63dcc526e263bf7e75516999 >> StatusCode:: 409, Message:: User doesn't exist
2023-02-07 23:31:37 error: [GET] /blogs/63dcc526e263bf7e75516999 >> StatusCode:: 409, Message:: User doesn't exist
2023-02-07 23:31:37 error: [GET] /blogs/63dcc526e263bf7e75516999 >> StatusCode:: 409, Message:: User doesn't exist
2023-02-07 23:31:37 error: [GET] /blogs/63dcc526e263bf7e75516999 >> StatusCode:: 409, Message:: User doesn't exist
2023-02-07 23:31:37 error: [GET] /blogs/63dcc526e263bf7e75516999 >> StatusCode:: 409, Message:: User doesn't exist
2023-02-07 23:31:37 error: [GET] /blogs/63dcc526e263bf7e75516999 >> StatusCode:: 409, Message:: User doesn't exist
2023-02-07 23:32:06 error: [GET] /blogs/63dcc526e263bf7e75516999 >> StatusCode:: 409, Message:: User doesn't exist
2023-02-07 23:32:06 error: [GET] /blogs/63dcc526e263bf7e75516999 >> StatusCode:: 409, Message:: User doesn't exist
2023-02-07 23:32:06 error: [GET] /blogs/63dcc526e263bf7e75516999 >> StatusCode:: 409, Message:: User doesn't exist
2023-02-07 23:32:06 error: [GET] /blogs/63dcc526e263bf7e75516999 >> StatusCode:: 409, Message:: User doesn't exist
2023-02-07 23:32:06 error: [GET] /blogs/63dcc526e263bf7e75516999 >> StatusCode:: 409, Message:: User doesn't exist
2023-02-07 23:32:06 error: [GET] /blogs/63dcc526e263bf7e75516999 >> StatusCode:: 409, Message:: User doesn't exist
2023-02-07 23:40:06 error: [GET] /users/63da492af93431821a372326 >> StatusCode:: 409, Message:: User doesn't exist
2023-02-07 23:40:12 error: [POST] /login >> StatusCode:: 409, Message:: This email arti@gmail.com was not found
2023-02-07 23:40:14 error: [POST] /login >> StatusCode:: 409, Message:: This email arti@gmail.com was not found
2023-02-07 23:49:01 error: [POST] /login >> StatusCode:: 409, Message:: This email arti@gmail.com was not found
