2023-02-07 10:09:27 error: [GET] /blogs/63dcc526e263bf7e75516999 >> StatusCode:: 409, Message:: User doesn't exist
2023-02-07 10:09:27 error: [GET] /blogs/63dcc526e263bf7e75516999 >> StatusCode:: 409, Message:: User doesn't exist
2023-02-07 10:09:27 error: [GET] /blogs/63dcc526e263bf7e75516999 >> StatusCode:: 409, Message:: User doesn't exist
2023-02-07 10:09:27 error: [GET] /blogs/63dcc526e263bf7e75516999 >> StatusCode:: 409, Message:: User doesn't exist
2023-02-07 10:09:27 error: [GET] /blogs/63dcc526e263bf7e75516999 >> StatusCode:: 409, Message:: User doesn't exist
2023-02-07 10:09:27 error: [GET] /blogs/63dcc526e263bf7e75516999 >> StatusCode:: 409, Message:: User doesn't exist
2023-02-07 11:12:40 error: uncaughtException: EIO: i/o error, write
Error: EIO: i/o error, write
    at writeSync (node:fs:926:3)
    at SyncWriteStream._write (node:internal/fs/sync_write_stream:26:3)
    at writeOrBuffer (node:internal/streams/writable:392:12)
    at _write (node:internal/streams/writable:333:10)
    at SyncWriteStream.Writable.write (node:internal/streams/writable:337:10)
    at Console.log (/home/abc/Desktop/sampleProject/Travel-Log Backend/node_modules/winston/lib/winston/transports/console.js:79:23)
    at Console._write (/home/abc/Desktop/sampleProject/Travel-Log Backend/node_modules/winston-transport/index.js:103:17)
    at doWrite (/home/abc/Desktop/sampleProject/Travel-Log Backend/node_modules/winston-transport/node_modules/readable-stream/lib/_stream_writable.js:409:139)
    at writeOrBuffer (/home/abc/Desktop/sampleProject/Travel-Log Backend/node_modules/winston-transport/node_modules/readable-stream/lib/_stream_writable.js:398:5)
    at Console.Writable.write (/home/abc/Desktop/sampleProject/Travel-Log Backend/node_modules/winston-transport/node_modules/readable-stream/lib/_stream_writable.js:307:11)
2023-02-07 13:26:20 error: [GET] /blogs/63dcc526e263bf7e75516999 >> StatusCode:: 409, Message:: User doesn't exist
2023-02-07 13:26:20 error: [GET] /blogs/63dcc526e263bf7e75516999 >> StatusCode:: 409, Message:: User doesn't exist
2023-02-07 13:26:20 error: [GET] /blogs/63dcc526e263bf7e75516999 >> StatusCode:: 409, Message:: User doesn't exist
2023-02-07 13:26:20 error: [GET] /blogs/63dcc526e263bf7e75516999 >> StatusCode:: 409, Message:: User doesn't exist
2023-02-07 13:26:20 error: [GET] /blogs/63dcc526e263bf7e75516999 >> StatusCode:: 409, Message:: User doesn't exist
2023-02-07 13:26:20 error: [GET] /blogs/63dcc526e263bf7e75516999 >> StatusCode:: 409, Message:: User doesn't exist
2023-02-07 13:26:45 error: [GET] /blogs/63dcc526e263bf7e75516999 >> StatusCode:: 409, Message:: User doesn't exist
2023-02-07 13:26:45 error: [GET] /blogs/63dcc526e263bf7e75516999 >> StatusCode:: 409, Message:: User doesn't exist
2023-02-07 13:26:45 error: [GET] /blogs/63dcc526e263bf7e75516999 >> StatusCode:: 409, Message:: User doesn't exist
2023-02-07 13:26:45 error: [GET] /blogs/63dcc526e263bf7e75516999 >> StatusCode:: 409, Message:: User doesn't exist
2023-02-07 13:26:45 error: [GET] /blogs/63dcc526e263bf7e75516999 >> StatusCode:: 409, Message:: User doesn't exist
2023-02-07 13:26:45 error: [GET] /blogs/63dcc526e263bf7e75516999 >> StatusCode:: 409, Message:: User doesn't exist
2023-02-07 13:27:07 error: [GET] /blogs/63dcc526e263bf7e75516999 >> StatusCode:: 409, Message:: User doesn't exist
2023-02-07 13:27:07 error: [GET] /blogs/63dcc526e263bf7e75516999 >> StatusCode:: 409, Message:: User doesn't exist
2023-02-07 13:27:07 error: [GET] /blogs/63dcc526e263bf7e75516999 >> StatusCode:: 409, Message:: User doesn't exist
2023-02-07 13:27:07 error: [GET] /blogs/63dcc526e263bf7e75516999 >> StatusCode:: 409, Message:: User doesn't exist
2023-02-07 13:27:07 error: [GET] /blogs/63dcc526e263bf7e75516999 >> StatusCode:: 409, Message:: User doesn't exist
2023-02-07 13:27:07 error: [GET] /blogs/63dcc526e263bf7e75516999 >> StatusCode:: 409, Message:: User doesn't exist
2023-02-07 13:37:05 error: [POST] /question/create >> StatusCode:: 500, Message:: question validation failed: question: Path `question` is required.
2023-02-07 13:54:41 error: [GET] /blogs/63dcc526e263bf7e75516999 >> StatusCode:: 409, Message:: User doesn't exist
2023-02-07 13:54:41 error: [GET] /blogs/63dcc526e263bf7e75516999 >> StatusCode:: 409, Message:: User doesn't exist
2023-02-07 13:54:41 error: [GET] /blogs/63dcc526e263bf7e75516999 >> StatusCode:: 409, Message:: User doesn't exist
2023-02-07 13:54:41 error: [GET] /blogs/63dcc526e263bf7e75516999 >> StatusCode:: 409, Message:: User doesn't exist
2023-02-07 13:54:41 error: [GET] /blogs/63dcc526e263bf7e75516999 >> StatusCode:: 409, Message:: User doesn't exist
2023-02-07 13:54:42 error: [GET] /blogs/63dcc526e263bf7e75516999 >> StatusCode:: 409, Message:: User doesn't exist
2023-02-07 15:12:26 error: [GET] /blogs >> StatusCode:: 500, Message:: BSON field 'skip' value must be >= 0, actual value '-6'
2023-02-07 15:12:26 error: [GET] /blogs >> StatusCode:: 500, Message:: BSON field 'skip' value must be >= 0, actual value '-6'
2023-02-07 15:12:28 error: [GET] /blogs >> StatusCode:: 500, Message:: BSON field 'skip' value must be >= 0, actual value '-6'
2023-02-07 15:13:55 error: [GET] /blogs >> StatusCode:: 500, Message:: BSON field 'skip' value must be >= 0, actual value '-6'
2023-02-07 15:15:12 error: [GET] /blogs >> StatusCode:: 500, Message:: BSON field 'skip' value must be >= 0, actual value '-6'
2023-02-07 15:15:14 error: [GET] /blogs >> StatusCode:: 500, Message:: BSON field 'skip' value must be >= 0, actual value '-6'
2023-02-07 15:16:22 error: [GET] /blogs >> StatusCode:: 500, Message:: BSON field 'skip' value must be >= 0, actual value '-6'
2023-02-07 15:16:44 error: [GET] /blogs >> StatusCode:: 500, Message:: BSON field 'skip' value must be >= 0, actual value '-6'
2023-02-07 15:17:12 error: [GET] /blogs >> StatusCode:: 500, Message:: BSON field 'skip' value must be >= 0, actual value '-6'
2023-02-07 15:17:35 error: [GET] /blogs >> StatusCode:: 500, Message:: BSON field 'skip' value must be >= 0, actual value '-6'
2023-02-07 15:17:41 error: [GET] /blogs >> StatusCode:: 500, Message:: BSON field 'skip' value must be >= 0, actual value '-6'
2023-02-07 15:17:51 error: [GET] /blogs >> StatusCode:: 500, Message:: BSON field 'skip' value must be >= 0, actual value '-6'
2023-02-07 15:18:57 error: [GET] /blogs >> StatusCode:: 500, Message:: BSON field 'skip' value must be >= 0, actual value '-6'
2023-02-07 15:19:38 error: [GET] /blogs >> StatusCode:: 500, Message:: BSON field 'skip' value must be >= 0, actual value '-6'
2023-02-07 15:25:13 error: [GET] /blogs >> StatusCode:: 500, Message:: BSON field 'skip' value must be >= 0, actual value '-6'
2023-02-07 15:25:26 error: [GET] /blogs >> StatusCode:: 500, Message:: BSON field 'skip' value must be >= 0, actual value '-6'
2023-02-07 15:26:00 error: [GET] /blogs >> StatusCode:: 500, Message:: BSON field 'skip' value must be >= 0, actual value '-6'
2023-02-07 16:47:16 error: [POST] /question/create >> StatusCode:: 500, Message:: question validation failed: question: Path `question` is required.
2023-02-07 17:37:10 error: [GET] /users/undefined >> StatusCode:: 500, Message:: Cast to ObjectId failed for value "undefined" (type string) at path "_id" for model "User"
2023-02-07 19:18:40 error: [DELETE] /blogs/63e2562c8b87f79e5a3171de >> StatusCode:: 409, Message:: Blog doesn't exist
2023-02-07 19:19:19 error: [DELETE] /blogs/63e2084968ac31e742eab266 >> StatusCode:: 409, Message:: Blog doesn't exist
2023-02-07 19:25:06 error: [DELETE] /blogs/63e2078568ac31e742eab256 >> StatusCode:: 409, Message:: Blog doesn't exist
2023-02-07 21:34:45 error: uncaughtException: bad auth : authentication failed
MongoServerError: bad auth : authentication failed
    at Connection.onMessage (/home/abc/Desktop/sampleProject/Travel-Log Backend/node_modules/mongodb/lib/cmap/connection.js:227:30)
    at MessageStream.<anonymous> (/home/abc/Desktop/sampleProject/Travel-Log Backend/node_modules/mongodb/lib/cmap/connection.js:60:60)
    at MessageStream.emit (node:events:513:28)
    at processIncomingData (/home/abc/Desktop/sampleProject/Travel-Log Backend/node_modules/mongodb/lib/cmap/message_stream.js:125:16)
    at MessageStream._write (/home/abc/Desktop/sampleProject/Travel-Log Backend/node_modules/mongodb/lib/cmap/message_stream.js:33:9)
    at writeOrBuffer (node:internal/streams/writable:392:12)
    at _write (node:internal/streams/writable:333:10)
    at Writable.write (node:internal/streams/writable:337:10)
    at TLSSocket.ondata (node:internal/streams/readable:766:22)
    at TLSSocket.emit (node:events:513:28)
