2023-02-08 00:00:35 info: [0mGET /question/askedtome/63e296313d77dedd6449b4a5 [36m304[0m 89.994 ms - -[0m
2023-02-08 00:00:35 info: [0mGET /blogs?user=63e296313d77dedd6449b4a5&page=0&limit=6&createdAt=-1 [36m304[0m 161.117 ms - -[0m
2023-02-08 00:01:10 info: [0mGET /question/askedtome/63e296313d77dedd6449b4a5 [36m304[0m 323.265 ms - -[0m
2023-02-08 00:01:10 info: [0mGET /blogs?user=63e296313d77dedd6449b4a5&page=0&limit=6&createdAt=-1 [36m304[0m 442.465 ms - -[0m
2023-02-08 00:01:14 info: [0mGET /blogs/63e295833d77dedd6449b47a [36m304[0m 358.978 ms - -[0m
2023-02-08 00:01:21 info: [0mGET /blogs/63e295833d77dedd6449b47a [36m304[0m 279.676 ms - -[0m
2023-02-08 00:01:23 info: [0mGET /blogs/63e295833d77dedd6449b47a [36m304[0m 397.798 ms - -[0m
2023-02-08 00:01:29 info: [0mOPTIONS /question/63e296593d77dedd6449b4ad [32m204[0m 0.260 ms - 0[0m
2023-02-08 00:01:29 info: [0mPATCH /question/63e296593d77dedd6449b4ad [32m200[0m 137.311 ms - 422[0m
2023-02-08 00:01:30 info: [0mGET /question/user/63e296313d77dedd6449b4a5 [32m200[0m 82.603 ms - 423[0m
2023-02-08 00:01:34 info: [0mGET /blogs/63e295833d77dedd6449b47a [36m304[0m 234.705 ms - -[0m
2023-02-08 00:01:37 info: [0mGET /users/63e294293d77dedd6449b460 [36m304[0m 72.272 ms - -[0m
2023-02-08 00:01:37 info: [0mGET /question/blog/63e295e23d77dedd6449b482 [36m304[0m 88.540 ms - -[0m
2023-02-08 00:01:37 info: [0mGET /question/blog/63e295833d77dedd6449b47a [32m200[0m 94.036 ms - 423[0m
2023-02-08 00:01:37 info: [0mGET /users/63e294293d77dedd6449b460 [36m304[0m 58.275 ms - -[0m
2023-02-08 00:01:38 info: [0mGET /blogs?page=0&limit=6&createdAt=-1 [36m304[0m 1857.890 ms - -[0m
2023-02-08 00:01:40 info: [0mGET /question/blog/63e295833d77dedd6449b47a [36m304[0m 378.005 ms - -[0m
2023-02-08 00:01:48 info: [0mOPTIONS /question/create [32m204[0m 0.217 ms - 0[0m
2023-02-08 00:01:48 info: [0mPOST /question/create [32m201[0m 167.556 ms - 297[0m
2023-02-08 00:01:48 info: [0mGET /question/blog/63e295833d77dedd6449b47a [32m200[0m 71.545 ms - 683[0m
2023-02-08 00:01:49 info: [0mGET /blogs?page=0&limit=6&createdAt=-1 [36m304[0m 1498.836 ms - -[0m
2023-02-08 00:01:50 info: [0mGET /question/user/63e296313d77dedd6449b4a5 [32m200[0m 84.744 ms - 683[0m
2023-02-08 00:02:56 info: [0mOPTIONS /question/create [32m204[0m 0.258 ms - 0[0m
2023-02-08 00:02:56 info: [0mPOST /question/create [32m201[0m 76.389 ms - 318[0m
2023-02-08 00:02:56 info: [0mGET /question/blog/63e295833d77dedd6449b47a [32m200[0m 55.689 ms - 964[0m
2023-02-08 00:02:56 info: [0mGET /blogs?page=0&limit=6&createdAt=-1 [36m304[0m 496.064 ms - -[0m
2023-02-08 00:02:58 info: [0mGET /question/blog/63e295833d77dedd6449b47a [36m304[0m 63.120 ms - -[0m
2023-02-08 00:03:06 info: [0mGET /users/63e296313d77dedd6449b4a5 [36m304[0m 52.550 ms - -[0m
2023-02-08 00:03:06 info: [0mGET /question/askedtome/63e296313d77dedd6449b4a5 [36m304[0m 56.131 ms - -[0m
2023-02-08 00:03:06 info: [0mGET /blogs?user=63e296313d77dedd6449b4a5&page=0&limit=6&createdAt=-1 [36m304[0m 156.768 ms - -[0m
2023-02-08 00:03:09 info: [0mGET /blogs/63e295833d77dedd6449b47a [36m304[0m 265.006 ms - -[0m
2023-02-08 00:03:09 info: [0mGET /blogs/63e295833d77dedd6449b47a [36m304[0m 196.742 ms - -[0m
2023-02-08 00:03:14 info: [0mGET /blogs/63e295833d77dedd6449b47a [36m304[0m 393.344 ms - -[0m
2023-02-08 00:03:14 info: [0mGET /blogs/63e295833d77dedd6449b47a [36m304[0m 335.714 ms - -[0m
2023-02-08 00:03:18 info: [0mGET /blogs/63e295833d77dedd6449b47a [36m304[0m 242.780 ms - -[0m
2023-02-08 00:03:18 info: [0mGET /blogs/63e295833d77dedd6449b47a [36m304[0m 268.025 ms - -[0m
2023-02-08 00:03:22 info: [0mGET /blogs/63e295833d77dedd6449b47a [36m304[0m 245.631 ms - -[0m
2023-02-08 00:03:23 info: [0mGET /blogs/63e295833d77dedd6449b47a [36m304[0m 149.248 ms - -[0m
2023-02-08 00:03:25 info: [0mGET /question/blog/63e295e23d77dedd6449b482 [36m304[0m 48.015 ms - -[0m
2023-02-08 00:03:25 info: [0mGET /users/63e294293d77dedd6449b460 [36m304[0m 56.009 ms - -[0m
2023-02-08 00:03:25 info: [0mGET /question/blog/63e295833d77dedd6449b47a [36m304[0m 49.475 ms - -[0m
2023-02-08 00:03:25 info: [0mGET /users/63e294293d77dedd6449b460 [36m304[0m 186.745 ms - -[0m
2023-02-08 00:03:26 info: [0mGET /blogs?page=0&limit=6&createdAt=-1 [36m304[0m 1353.275 ms - -[0m
2023-02-08 00:03:26 info: [0mGET /question/user/63e296313d77dedd6449b4a5 [32m200[0m 48.971 ms - 964[0m
2023-02-08 00:03:27 info: [0mGET /question/blog/63e295833d77dedd6449b47a [36m304[0m 50.806 ms - -[0m
2023-02-08 00:03:32 info: [0mGET /users/63e296313d77dedd6449b4a5 [36m304[0m 51.080 ms - -[0m
2023-02-08 00:03:32 info: [0mGET /question/askedtome/63e296313d77dedd6449b4a5 [36m304[0m 45.674 ms - -[0m
2023-02-08 00:03:32 info: [0mGET /blogs?user=63e296313d77dedd6449b4a5&page=0&limit=6&createdAt=-1 [36m304[0m 90.320 ms - -[0m
2023-02-08 00:03:34 info: [0mGET /blogs/63e295833d77dedd6449b47a [36m304[0m 326.990 ms - -[0m
2023-02-08 00:03:34 info: [0mGET /blogs/63e295833d77dedd6449b47a [36m304[0m 331.654 ms - -[0m
2023-02-08 00:03:35 info: [0mGET /blogs/63e295833d77dedd6449b47a [36m304[0m 302.332 ms - -[0m
2023-02-08 00:03:41 info: [0mGET /blogs/63e295833d77dedd6449b47a [36m304[0m 289.490 ms - -[0m
2023-02-08 00:03:41 info: [0mGET /blogs/63e295833d77dedd6449b47a [36m304[0m 295.411 ms - -[0m
2023-02-08 00:03:41 info: [0mGET /blogs/63e295833d77dedd6449b47a [36m304[0m 333.883 ms - -[0m
2023-02-08 00:03:42 info: [0mGET /users/63e294293d77dedd6449b460 [36m304[0m 55.644 ms - -[0m
2023-02-08 00:03:42 info: [0mGET /question/blog/63e295e23d77dedd6449b482 [36m304[0m 58.318 ms - -[0m
2023-02-08 00:03:42 info: [0mGET /question/blog/63e295833d77dedd6449b47a [36m304[0m 61.057 ms - -[0m
2023-02-08 00:03:42 info: [0mGET /users/63e294293d77dedd6449b460 [36m304[0m 63.590 ms - -[0m
2023-02-08 00:03:43 info: [0mGET /blogs?page=0&limit=6&createdAt=-1 [36m304[0m 1534.939 ms - -[0m
2023-02-08 00:03:52 info: [0mGET /question/user/63e296313d77dedd6449b4a5 [32m200[0m 47.529 ms - 964[0m
2023-02-08 00:05:28 info: [0mGET /users/63e296313d77dedd6449b4a5 [36m304[0m 67.737 ms - -[0m
2023-02-08 00:05:28 info: [0mGET /question/askedtome/63e296313d77dedd6449b4a5 [36m304[0m 48.577 ms - -[0m
2023-02-08 00:05:28 info: [0mGET /blogs?user=63e296313d77dedd6449b4a5&page=0&limit=6&createdAt=-1 [36m304[0m 105.559 ms - -[0m
2023-02-08 00:05:30 info: [0mGET /blogs/63e295833d77dedd6449b47a [36m304[0m 172.549 ms - -[0m
2023-02-08 00:05:30 info: [0mGET /blogs/63e295833d77dedd6449b47a [36m304[0m 168.833 ms - -[0m
2023-02-08 00:05:30 info: [0mGET /blogs/63e295833d77dedd6449b47a [36m304[0m 213.602 ms - -[0m
2023-02-08 00:05:31 info: [0mGET /question/askedtome/63e296313d77dedd6449b4a5 [36m304[0m 60.149 ms - -[0m
2023-02-08 00:05:33 info: [0mGET /blogs/63e295833d77dedd6449b47a [36m304[0m 197.707 ms - -[0m
2023-02-08 00:05:33 info: [0mGET /blogs/63e295833d77dedd6449b47a [36m304[0m 190.292 ms - -[0m
2023-02-08 00:05:33 info: [0mGET /blogs/63e295833d77dedd6449b47a [36m304[0m 145.005 ms - -[0m
2023-02-08 00:05:34 info: [0mGET /blogs?user=63e296313d77dedd6449b4a5&page=0&limit=6&createdAt=-1 [36m304[0m 106.377 ms - -[0m
2023-02-08 00:05:35 info: [0mGET /question/blog/63e295e23d77dedd6449b482 [36m304[0m 45.276 ms - -[0m
2023-02-08 00:05:35 info: [0mGET /users/63e294293d77dedd6449b460 [36m304[0m 52.561 ms - -[0m
2023-02-08 00:05:35 info: [0mGET /question/blog/63e295833d77dedd6449b47a [36m304[0m 45.684 ms - -[0m
2023-02-08 00:05:35 info: [0mGET /users/63e294293d77dedd6449b460 [36m304[0m 65.629 ms - -[0m
2023-02-08 00:05:36 info: [0mGET /blogs?page=0&limit=6&createdAt=-1 [36m304[0m 865.387 ms - -[0m
2023-02-08 00:05:48 info: [0mOPTIONS /question/create [32m204[0m 0.266 ms - 0[0m
2023-02-08 00:05:48 info: [0mGET /question/user/63e296313d77dedd6449b4a5 [32m200[0m 63.121 ms - 964[0m
2023-02-08 00:05:48 info: [0mPOST /question/create [32m201[0m 68.616 ms - 322[0m
2023-02-08 00:05:48 info: [0mGET /question/blog/63e295833d77dedd6449b47a [32m200[0m 67.242 ms - -[0m
2023-02-08 00:05:49 info: [0mGET /blogs?page=0&limit=6&createdAt=-1 [36m304[0m 723.709 ms - -[0m
2023-02-08 00:05:50 info: [0mGET /question/user/63e296313d77dedd6449b4a5 [32m200[0m 57.634 ms - -[0m
2023-02-08 00:05:50 info: [0mGET /question/blog/63e295833d77dedd6449b47a [36m304[0m 59.025 ms - -[0m
2023-02-08 00:05:53 info: [0mGET /question/user/63e296313d77dedd6449b4a5 [32m200[0m 65.644 ms - -[0m
2023-02-08 00:05:54 info: [0mGET /users/63e296313d77dedd6449b4a5 [36m304[0m 63.069 ms - -[0m
2023-02-08 00:05:54 info: [0mGET /question/askedtome/63e296313d77dedd6449b4a5 [36m304[0m 69.029 ms - -[0m
2023-02-08 00:05:54 info: [0mGET /blogs?user=63e296313d77dedd6449b4a5&page=0&limit=6&createdAt=-1 [36m304[0m 116.990 ms - -[0m
2023-02-08 00:05:57 info: [0mGET /blogs/63e295833d77dedd6449b47a [36m304[0m 380.333 ms - -[0m
2023-02-08 00:05:57 info: [0mGET /blogs/63e295833d77dedd6449b47a [36m304[0m 275.465 ms - -[0m
2023-02-08 00:05:57 info: [0mGET /blogs/63e295833d77dedd6449b47a [36m304[0m 190.178 ms - -[0m
2023-02-08 00:05:57 info: [0mGET /blogs/63e295833d77dedd6449b47a [36m304[0m 210.114 ms - -[0m
2023-02-08 00:06:00 info: [0mGET /question/askedtome/63e296313d77dedd6449b4a5 [36m304[0m 56.790 ms - -[0m
2023-02-08 00:06:01 info: [0mGET /blogs/63e295833d77dedd6449b47a [36m304[0m 318.207 ms - -[0m
2023-02-08 00:06:02 info: [0mGET /blogs/63e295833d77dedd6449b47a [36m304[0m 255.869 ms - -[0m
2023-02-08 00:06:02 info: [0mGET /blogs/63e295833d77dedd6449b47a [36m304[0m 225.796 ms - -[0m
2023-02-08 00:06:02 info: [0mGET /blogs/63e295833d77dedd6449b47a [36m304[0m 324.318 ms - -[0m
2023-02-08 00:06:04 info: [0mOPTIONS /question/63e29a043d77dedd6449b575 [32m204[0m 0.262 ms - 0[0m
2023-02-08 00:06:04 info: [0mDELETE /question/63e29a043d77dedd6449b575 [32m200[0m 82.196 ms - 313[0m
2023-02-08 00:06:08 info: [0mOPTIONS /question/63e299143d77dedd6449b530 [32m204[0m 0.291 ms - 0[0m
2023-02-08 00:06:08 info: [0mDELETE /question/63e299143d77dedd6449b530 [32m200[0m 61.274 ms - 288[0m
2023-02-08 00:06:14 info: [0mGET /question/user/63e296313d77dedd6449b4a5 [32m200[0m 61.420 ms - 704[0m
2023-02-08 00:06:16 info: [0mGET /question/user/63e296313d77dedd6449b4a5 [32m200[0m 64.109 ms - 704[0m
2023-02-08 00:06:21 info: [0mGET /question/user/63e296313d77dedd6449b4a5 [32m200[0m 61.184 ms - 704[0m
2023-02-08 00:06:24 info: [0mGET /question/user/63e296313d77dedd6449b4a5 [32m200[0m 70.780 ms - 704[0m
2023-02-08 00:06:28 info: [0mGET /question/user/63e296313d77dedd6449b4a5 [32m200[0m 61.578 ms - 704[0m
2023-02-08 00:07:12 info: [0mGET /question/askedtome/63e296313d77dedd6449b4a5 [36m304[0m 46.258 ms - -[0m
2023-02-08 00:07:12 info: [0mGET /blogs?user=63e296313d77dedd6449b4a5&page=0&limit=6&createdAt=-1 [36m304[0m 93.948 ms - -[0m
2023-02-08 00:07:13 info: [0mGET /blogs/63e295833d77dedd6449b47a [36m304[0m 190.211 ms - -[0m
2023-02-08 00:07:13 info: [0mGET /blogs/63e295833d77dedd6449b47a [36m304[0m 149.131 ms - -[0m
2023-02-08 00:07:22 info: [0mOPTIONS /question/63e299583d77dedd6449b536 [32m204[0m 0.162 ms - 0[0m
2023-02-08 00:07:22 info: [0mDELETE /question/63e299583d77dedd6449b536 [32m200[0m 71.760 ms - 309[0m
2023-02-08 00:07:32 info: [0mGET /question/user/63e296313d77dedd6449b4a5 [32m200[0m 39.513 ms - 423[0m
2023-02-08 00:07:42 info: [0mGET /question/user/63e296313d77dedd6449b4a5 [32m200[0m 55.539 ms - 423[0m
2023-02-08 00:08:52 info: [0mGET /question/askedtome/63e296313d77dedd6449b4a5 [36m304[0m 53.973 ms - -[0m
2023-02-08 00:08:52 info: [0mGET /users/63e296313d77dedd6449b4a5 [36m304[0m 83.383 ms - -[0m
2023-02-08 00:08:52 info: [0mGET /blogs?user=63e296313d77dedd6449b4a5&page=0&limit=6&createdAt=-1 [36m304[0m 113.528 ms - -[0m
2023-02-08 00:09:12 info: [0mGET /question/user/63e296313d77dedd6449b4a5 [32m200[0m 58.619 ms - 423[0m
2023-02-08 00:11:50 info: [0mGET /blogs/63e295833d77dedd6449b47a [36m304[0m 188.548 ms - -[0m
2023-02-08 00:11:50 info: [0mGET /question/askedtome/63e296313d77dedd6449b4a5 [36m304[0m 61.660 ms - -[0m
2023-02-08 00:11:56 info: [0mGET /question/blog/63e295833d77dedd6449b47a [32m200[0m 53.471 ms - 423[0m
2023-02-08 00:11:56 info: [0mGET /users/63e294293d77dedd6449b460 [36m304[0m 66.849 ms - -[0m
2023-02-08 00:11:56 info: [0mGET /question/blog/63e295e23d77dedd6449b482 [36m304[0m 71.876 ms - -[0m
2023-02-08 00:11:56 info: [0mGET /users/63e294293d77dedd6449b460 [36m304[0m 46.250 ms - -[0m
2023-02-08 00:11:56 info: [0mGET /blogs?page=0&limit=6&createdAt=-1 [36m304[0m 620.834 ms - -[0m
2023-02-08 00:12:09 info: [0mGET /question/user/63e296313d77dedd6449b4a5 [32m200[0m 66.314 ms - 423[0m
2023-02-08 00:13:23 info: [0mGET /question/user/63e296313d77dedd6449b4a5 [32m200[0m 768089.790 ms - 423[0m
2023-02-08 00:19:19 info: [0mGET /users/63e294293d77dedd6449b460 [36m304[0m 165.189 ms - -[0m
2023-02-08 00:19:19 info: [0mGET /users/63e294293d77dedd6449b460 [36m304[0m 328.344 ms - -[0m
2023-02-08 00:19:19 info: [0mGET /blogs?page=0&limit=6&createdAt=-1 [36m304[0m 642.257 ms - -[0m
2023-02-08 00:19:21 info: [0mGET /blogs/63e295e23d77dedd6449b482 [32m200[0m 245.137 ms - -[0m
2023-02-08 00:19:21 info: [0mGET /users/63e294293d77dedd6449b460 [36m304[0m 58.698 ms - -[0m
2023-02-08 00:19:23 info: [0mGET /question/blog/63e295e23d77dedd6449b482 [36m304[0m 4126.023 ms - -[0m
2023-02-08 00:19:23 info: [0mGET /question/blog/63e295833d77dedd6449b47a [36m304[0m 4118.081 ms - -[0m
2023-02-08 00:19:24 info: [0mGET /users/63e294293d77dedd6449b460 [36m304[0m 127.027 ms - -[0m
2023-02-08 00:19:24 info: [0mGET /question/blog/63e295e23d77dedd6449b482 [36m304[0m 126.826 ms - -[0m
2023-02-08 00:19:24 info: [0mGET /question/blog/63e295833d77dedd6449b47a [36m304[0m 126.642 ms - -[0m
2023-02-08 00:19:24 info: [0mGET /users/63e294293d77dedd6449b460 [36m304[0m 77.154 ms - -[0m
2023-02-08 00:19:25 info: [0mGET /blogs?page=0&limit=6&createdAt=-1 [36m304[0m 839.155 ms - -[0m
2023-02-08 00:24:46 info: [0mGET /question/blog/63e295833d77dedd6449b47a [36m304[0m 118.558 ms - -[0m
2023-02-08 00:24:51 info: [0mGET /question/askedtome/63e296313d77dedd6449b4a5 [36m304[0m 116.107 ms - -[0m
2023-02-08 00:24:51 info: [0mGET /question/user/63e296313d77dedd6449b4a5 [36m304[0m 124.902 ms - -[0m
2023-02-08 00:24:51 info: [0mGET /users/63e296313d77dedd6449b4a5 [36m304[0m 138.633 ms - -[0m
2023-02-08 00:24:51 info: [0mGET /blogs?user=63e296313d77dedd6449b4a5&page=0&limit=6&createdAt=-1 [36m304[0m 222.698 ms - -[0m
2023-02-08 00:24:53 info: [0mGET /question/user/63e296313d77dedd6449b4a5 [36m304[0m 68.650 ms - -[0m
2023-02-08 00:24:54 info: [0mGET /blogs/63e295833d77dedd6449b47a [36m304[0m 247.074 ms - -[0m
2023-02-08 00:24:54 info: [0mGET /question/askedtome/63e296313d77dedd6449b4a5 [36m304[0m 72.342 ms - -[0m
2023-02-08 00:25:26 info: [0mGET /users/63e296313d77dedd6449b4a5 [36m304[0m 56.099 ms - -[0m
2023-02-08 00:26:49 info: [0mGET /question/user/63e296313d77dedd6449b4a5 [36m304[0m 112.335 ms - -[0m
2023-02-08 00:26:49 info: [0mGET /blogs/63e295833d77dedd6449b47a [36m304[0m 205.403 ms - -[0m
2023-02-08 00:26:50 info: [0mGET /blogs?user=63e296313d77dedd6449b4a5&page=0&limit=6&createdAt=-1 [36m304[0m 184.970 ms - -[0m
2023-02-08 00:26:51 info: [0mGET /question/user/63e296313d77dedd6449b4a5 [36m304[0m 84.542 ms - -[0m
2023-02-08 00:26:51 info: [0mGET /blogs/63e295833d77dedd6449b47a [36m304[0m 225.821 ms - -[0m
2023-02-08 00:26:52 info: [0mGET /question/askedtome/63e296313d77dedd6449b4a5 [36m304[0m 73.765 ms - -[0m
2023-02-08 00:26:53 info: [0mGET /question/user/63e296313d77dedd6449b4a5 [36m304[0m 89.760 ms - -[0m
2023-02-08 00:26:53 info: [0mGET /blogs/63e295833d77dedd6449b47a [36m304[0m 200.059 ms - -[0m
2023-02-08 00:26:53 info: [0mGET /question/askedtome/63e296313d77dedd6449b4a5 [36m304[0m 87.087 ms - -[0m
2023-02-08 00:26:54 info: [0mGET /question/user/63e296313d77dedd6449b4a5 [36m304[0m 118.380 ms - -[0m
2023-02-08 00:26:55 info: [0mGET /blogs/63e295833d77dedd6449b47a [36m304[0m 234.396 ms - -[0m
2023-02-08 00:26:55 info: [0mGET /blogs?user=63e296313d77dedd6449b4a5&page=0&limit=6&createdAt=-1 [36m304[0m 152.580 ms - -[0m
2023-02-08 00:26:56 info: [0mGET /question/user/63e296313d77dedd6449b4a5 [36m304[0m 91.541 ms - -[0m
2023-02-08 00:26:56 info: [0mGET /blogs/63e295833d77dedd6449b47a [36m304[0m 176.293 ms - -[0m
2023-02-08 00:27:15 info: [0mGET /question/askedtome/63e296313d77dedd6449b4a5 [36m304[0m 113.987 ms - -[0m
2023-02-08 00:27:16 info: [0mGET /blogs?user=63e296313d77dedd6449b4a5&page=0&limit=6&createdAt=-1 [36m304[0m 240.538 ms - -[0m
2023-02-08 00:27:17 info: [0mGET /question/user/63e296313d77dedd6449b4a5 [36m304[0m 95.487 ms - -[0m
2023-02-08 00:27:17 info: [0mGET /blogs/63e295833d77dedd6449b47a [36m304[0m 182.963 ms - -[0m
2023-02-08 00:27:18 info: [0mGET /blogs?user=63e296313d77dedd6449b4a5&page=0&limit=6&createdAt=-1 [36m304[0m 139.256 ms - -[0m
2023-02-08 00:27:19 info: [0mGET /question/user/63e296313d77dedd6449b4a5 [36m304[0m 74.864 ms - -[0m
2023-02-08 00:27:19 info: [0mGET /blogs/63e295833d77dedd6449b47a [36m304[0m 225.076 ms - -[0m
2023-02-08 00:27:19 info: [0mGET /question/askedtome/63e296313d77dedd6449b4a5 [36m304[0m 88.204 ms - -[0m
2023-02-08 00:27:27 info: [0mGET /question/user/63e296313d77dedd6449b4a5 [36m304[0m 154.001 ms - -[0m
2023-02-08 00:27:27 info: [0mGET /blogs/63e295833d77dedd6449b47a [36m304[0m 270.538 ms - -[0m
2023-02-08 00:28:25 info: [0mGET /question/askedtome/63e296313d77dedd6449b4a5 [36m304[0m 100.730 ms - -[0m
2023-02-08 00:28:26 info: [0mGET /blogs?user=63e296313d77dedd6449b4a5&page=0&limit=6&createdAt=-1 [36m304[0m 132.596 ms - -[0m
2023-02-08 00:28:27 info: [0mGET /question/user/63e296313d77dedd6449b4a5 [36m304[0m 114.796 ms - -[0m
2023-02-08 00:28:27 info: [0mGET /blogs/63e295833d77dedd6449b47a [36m304[0m 215.723 ms - -[0m
2023-02-08 00:28:27 info: [0mGET /question/askedtome/63e296313d77dedd6449b4a5 [36m304[0m 81.041 ms - -[0m
2023-02-08 00:28:28 info: [0mGET /question/blog/63e295e23d77dedd6449b482 [36m304[0m 103.085 ms - -[0m
2023-02-08 00:28:28 info: [0mGET /question/blog/63e295833d77dedd6449b47a [36m304[0m 101.751 ms - -[0m
2023-02-08 00:28:28 info: [0mGET /users/63e294293d77dedd6449b460 [36m304[0m 117.371 ms - -[0m
2023-02-08 00:28:29 info: [0mGET /users/63e294293d77dedd6449b460 [36m304[0m 78.409 ms - -[0m
2023-02-08 00:28:29 info: [0mGET /blogs?page=0&limit=6&createdAt=-1 [36m304[0m 560.868 ms - -[0m
2023-02-08 00:30:02 info: [0mGET /blogs/63e295e23d77dedd6449b482 [36m304[0m 217.102 ms - -[0m
2023-02-08 00:30:02 info: [0mGET /users/63e294293d77dedd6449b460 [36m304[0m 65.583 ms - -[0m
2023-02-08 00:30:06 info: [0mGET /users/63e294293d77dedd6449b460 [36m304[0m 117.459 ms - -[0m
2023-02-08 00:30:06 info: [0mGET /question/blog/63e295833d77dedd6449b47a [36m304[0m 111.341 ms - -[0m
2023-02-08 00:30:06 info: [0mGET /question/blog/63e295e23d77dedd6449b482 [36m304[0m 134.430 ms - -[0m
2023-02-08 00:30:06 info: [0mGET /users/63e294293d77dedd6449b460 [36m304[0m 70.463 ms - -[0m
2023-02-08 00:30:06 info: [0mGET /blogs?page=0&limit=6&createdAt=-1 [36m304[0m 588.538 ms - -[0m
2023-02-08 00:31:16 info: [0mGET /users/63e296313d77dedd6449b4a5 [36m304[0m 117.992 ms - -[0m
2023-02-08 00:31:16 info: [0mGET /question/askedtome/63e296313d77dedd6449b4a5 [36m304[0m 105.719 ms - -[0m
2023-02-08 00:31:16 info: [0mGET /question/user/63e296313d77dedd6449b4a5 [36m304[0m 115.279 ms - -[0m
2023-02-08 00:31:16 info: [0mGET /blogs?user=63e296313d77dedd6449b4a5&page=0&limit=6&createdAt=-1 [36m304[0m 181.953 ms - -[0m
2023-02-08 00:31:24 info: [0mGET /question/user/63e296313d77dedd6449b4a5 [36m304[0m 107.984 ms - -[0m
2023-02-08 00:31:24 info: [0mGET /blogs/63e295833d77dedd6449b47a [36m304[0m 214.502 ms - -[0m
2023-02-08 00:31:26 info: [0mGET /question/askedtome/63e296313d77dedd6449b4a5 [36m304[0m 49.968 ms - -[0m
2023-02-08 00:31:27 info: [0mGET /blogs?user=63e296313d77dedd6449b4a5&page=0&limit=6&createdAt=-1 [36m304[0m 161.419 ms - -[0m
2023-02-08 00:31:28 info: [0mGET /question/user/63e296313d77dedd6449b4a5 [36m304[0m 102.298 ms - -[0m
2023-02-08 00:31:28 info: [0mGET /blogs/63e295833d77dedd6449b47a [36m304[0m 210.467 ms - -[0m
2023-02-08 00:31:29 info: [0mGET /question/askedtome/63e296313d77dedd6449b4a5 [36m304[0m 65.961 ms - -[0m
2023-02-08 00:31:30 info: [0mGET /blogs?user=63e296313d77dedd6449b4a5&page=0&limit=6&createdAt=-1 [36m304[0m 174.076 ms - -[0m
2023-02-08 00:31:32 info: [0mGET /question/user/63e296313d77dedd6449b4a5 [36m304[0m 123.682 ms - -[0m
2023-02-08 00:31:32 info: [0mGET /blogs/63e295833d77dedd6449b47a [36m304[0m 223.563 ms - -[0m
2023-02-08 00:31:33 info: [0mGET /blogs?user=63e296313d77dedd6449b4a5&page=0&limit=6&createdAt=-1 [36m304[0m 140.897 ms - -[0m
2023-02-08 00:31:36 info: [0mGET /question/user/63e296313d77dedd6449b4a5 [36m304[0m 120.948 ms - -[0m
2023-02-08 00:31:36 info: [0mGET /blogs/63e295833d77dedd6449b47a [36m304[0m 199.990 ms - -[0m
2023-02-08 00:31:38 info: [0mGET /question/askedtome/63e296313d77dedd6449b4a5 [36m304[0m 81.055 ms - -[0m
2023-02-08 00:32:15 info: [0mGET /question/askedtome/63e296313d77dedd6449b4a5 [36m304[0m 75.955 ms - -[0m
2023-02-08 00:32:15 info: [0mGET /question/user/63e296313d77dedd6449b4a5 [36m304[0m 86.379 ms - -[0m
2023-02-08 00:32:15 info: [0mGET /blogs?user=63e296313d77dedd6449b4a5&page=0&limit=6&createdAt=-1 [36m304[0m 146.083 ms - -[0m
2023-02-08 00:32:30 info: [0mGET /question/askedtome/63e296313d77dedd6449b4a5 [36m304[0m 72.080 ms - -[0m
2023-02-08 00:32:30 info: [0mGET /question/user/63e296313d77dedd6449b4a5 [36m304[0m 100.346 ms - -[0m
2023-02-08 00:32:30 info: [0mGET /blogs?user=63e296313d77dedd6449b4a5&page=0&limit=6&createdAt=-1 [36m304[0m 144.233 ms - -[0m
2023-02-08 00:32:44 info: [0mGET /question/askedtome/63e296313d77dedd6449b4a5 [36m304[0m 84.461 ms - -[0m
2023-02-08 00:32:44 info: [0mGET /question/user/63e296313d77dedd6449b4a5 [36m304[0m 102.156 ms - -[0m
2023-02-08 00:32:44 info: [0mGET /blogs?user=63e296313d77dedd6449b4a5&page=0&limit=6&createdAt=-1 [36m304[0m 145.853 ms - -[0m
2023-02-08 00:32:57 info: [0mGET /question/askedtome/63e296313d77dedd6449b4a5 [36m304[0m 114.910 ms - -[0m
2023-02-08 00:32:57 info: [0mGET /question/user/63e296313d77dedd6449b4a5 [36m304[0m 120.520 ms - -[0m
2023-02-08 00:32:57 info: [0mGET /blogs?user=63e296313d77dedd6449b4a5&page=0&limit=6&createdAt=-1 [36m304[0m 189.359 ms - -[0m
2023-02-08 00:33:13 info: [0mGET /question/user/63e296313d77dedd6449b4a5 [36m304[0m 124.065 ms - -[0m
2023-02-08 00:33:13 info: [0mGET /question/askedtome/63e296313d77dedd6449b4a5 [36m304[0m 122.801 ms - -[0m
2023-02-08 00:33:13 info: [0mGET /blogs?user=63e296313d77dedd6449b4a5&page=0&limit=6&createdAt=-1 [36m304[0m 182.307 ms - -[0m
2023-02-08 00:33:14 info: [0mGET /question/user/63e296313d77dedd6449b4a5 [36m304[0m 54.000 ms - -[0m
2023-02-08 00:33:15 info: [0mGET /blogs/63e295833d77dedd6449b47a [36m304[0m 216.053 ms - -[0m
2023-02-08 00:33:15 info: [0mGET /question/askedtome/63e296313d77dedd6449b4a5 [36m304[0m 66.833 ms - -[0m
2023-02-08 00:33:17 info: [0mGET /blogs?user=63e296313d77dedd6449b4a5&page=0&limit=6&createdAt=-1 [36m304[0m 124.118 ms - -[0m
2023-02-08 00:33:18 info: [0mGET /question/user/63e296313d77dedd6449b4a5 [36m304[0m 108.248 ms - -[0m
2023-02-08 00:33:18 info: [0mGET /blogs/63e295833d77dedd6449b47a [36m304[0m 189.545 ms - -[0m
2023-02-08 00:33:19 info: [0mGET /question/askedtome/63e296313d77dedd6449b4a5 [36m304[0m 74.610 ms - -[0m
2023-02-08 00:33:32 info: [0mGET /question/user/63e296313d77dedd6449b4a5 [36m304[0m 59.453 ms - -[0m
2023-02-08 00:33:32 info: [0mGET /question/askedtome/63e296313d77dedd6449b4a5 [36m304[0m 63.936 ms - -[0m
2023-02-08 00:33:32 info: [0mGET /blogs?user=63e296313d77dedd6449b4a5&page=0&limit=6&createdAt=-1 [36m304[0m 113.441 ms - -[0m
2023-02-08 00:33:35 info: [0mGET /question/user/63e296313d77dedd6449b4a5 [36m304[0m 109.606 ms - -[0m
2023-02-08 00:33:35 info: [0mGET /blogs/63e295833d77dedd6449b47a [36m304[0m 204.128 ms - -[0m
2023-02-08 00:33:36 info: [0mGET /blogs?user=63e296313d77dedd6449b4a5&page=0&limit=6&createdAt=-1 [36m304[0m 190.394 ms - -[0m
2023-02-08 00:33:37 info: [0mGET /question/user/63e296313d77dedd6449b4a5 [36m304[0m 96.012 ms - -[0m
2023-02-08 00:33:37 info: [0mGET /blogs/63e295833d77dedd6449b47a [36m304[0m 188.045 ms - -[0m
2023-02-08 00:33:40 info: [0mGET /question/askedtome/63e296313d77dedd6449b4a5 [36m304[0m 112.722 ms - -[0m
2023-02-08 00:33:42 info: [0mGET /users/63e294293d77dedd6449b460 [36m304[0m 137.279 ms - -[0m
2023-02-08 00:33:42 info: [0mGET /question/blog/63e295e23d77dedd6449b482 [36m304[0m 131.626 ms - -[0m
2023-02-08 00:33:42 info: [0mGET /question/blog/63e295833d77dedd6449b47a [36m304[0m 144.358 ms - -[0m
2023-02-08 00:33:42 info: [0mGET /users/63e294293d77dedd6449b460 [36m304[0m 78.846 ms - -[0m
2023-02-08 00:33:42 info: [0mGET /blogs?page=0&limit=6&createdAt=-1 [36m304[0m 558.151 ms - -[0m
2023-02-08 00:34:58 info: [0mGET /question/user/63e296313d77dedd6449b4a5 [36m304[0m 105.680 ms - -[0m
2023-02-08 00:34:58 info: [0mGET /question/askedtome/63e296313d77dedd6449b4a5 [36m304[0m 101.445 ms - -[0m
2023-02-08 00:34:58 info: [0mGET /users/63e296313d77dedd6449b4a5 [36m304[0m 129.100 ms - -[0m
2023-02-08 00:34:59 info: [0mGET /blogs?user=63e296313d77dedd6449b4a5&page=0&limit=6&createdAt=-1 [36m304[0m 198.991 ms - -[0m
2023-02-08 00:35:01 info: [0mGET /question/user/63e296313d77dedd6449b4a5 [36m304[0m 143.662 ms - -[0m
2023-02-08 00:35:01 info: [0mGET /blogs/63e295833d77dedd6449b47a [36m304[0m 212.249 ms - -[0m
2023-02-08 00:35:02 info: [0mGET /question/askedtome/63e296313d77dedd6449b4a5 [36m304[0m 118.352 ms - -[0m
2023-02-08 00:35:04 info: [0mGET /users/63e294293d77dedd6449b460 [36m304[0m 92.148 ms - -[0m
2023-02-08 00:35:04 info: [0mGET /question/blog/63e295e23d77dedd6449b482 [36m304[0m 88.816 ms - -[0m
2023-02-08 00:35:04 info: [0mGET /question/blog/63e295833d77dedd6449b47a [36m304[0m 90.006 ms - -[0m
2023-02-08 00:35:04 info: [0mGET /users/63e294293d77dedd6449b460 [36m304[0m 77.988 ms - -[0m
2023-02-08 00:35:05 info: [0mGET /blogs?page=0&limit=6&createdAt=-1 [36m304[0m 518.923 ms - -[0m
2023-02-08 00:35:30 info: =================================
2023-02-08 00:35:30 info: ======= ENV: development =======
2023-02-08 00:35:30 info: 🚀 App listening on the port 3000
2023-02-08 00:35:30 info: =================================
2023-02-08 00:36:01 info: =================================
2023-02-08 00:36:01 info: ======= ENV: development =======
2023-02-08 00:36:01 info: 🚀 App listening on the port 3000
2023-02-08 00:36:01 info: =================================
2023-02-08 00:36:07 info: =================================
2023-02-08 00:36:07 info: ======= ENV: development =======
2023-02-08 00:36:07 info: 🚀 App listening on the port 3000
2023-02-08 00:36:07 info: =================================
2023-02-08 00:36:45 info: =================================
2023-02-08 00:36:45 info: ======= ENV: development =======
2023-02-08 00:36:45 info: 🚀 App listening on the port 3000
2023-02-08 00:36:45 info: =================================
2023-02-08 00:37:37 info: =================================
2023-02-08 00:37:37 info: ======= ENV: development =======
2023-02-08 00:37:37 info: 🚀 App listening on the port 3000
2023-02-08 00:37:37 info: =================================
